<?xml version="1.0" encoding="UTF-8"?>
<testsuite xmlns:xsi="http://www.w3.org/2001/XMLSchema-instance" xsi:schemaLocation="https://maven.apache.org/surefire/maven-surefire-plugin/xsd/surefire-test-report.xsd" name="TestRunner.TestRunner_Class" time="2.121" tests="53" errors="53" skipped="0" failures="0">
  <properties>
[...]
</properties>
  <testcase name="1 #Verifying PayRent tab for New User on EDGE Home Screen" classname="EDGE Home Scren" time="0.294">
    <error message="The step &quot;User is at EDGE Home Screen from Onboarding&quot; is undefined. You can implement it using the snippet(s) below:&#10;&#10;@Given(&quot;User is at EDGE Home Screen from Onboarding&quot;)&#10;public void user_is_at_edge_home_screen_from_onboarding() {&#10;    // Write code here that turns the phrase above into concrete actions&#10;    throw new io.cucumber.java.PendingException();&#10;}&#10;&#10;&#10;Some other steps were also undefined:&#10;&#10;@When(&quot;User taps on PayRent tab&quot;)&#10;public void user_taps_on_pay_rent_tab() {&#10;    // Write code here that turns the phrase above into concrete actions&#10;    throw new io.cucumber.java.PendingException();&#10;}&#10;@Then(&quot;Verify user is redirected to PayRent Landing Screen&quot;)&#10;public void verify_user_is_redirected_to_pay_rent_landing_screen() {&#10;    // Write code here that turns the phrase above into concrete actions&#10;    throw new io.cucumber.java.PendingException();&#10;}&#10;@When(&quot;User taps device back button on Landing Screen&quot;)&#10;public void user_taps_device_back_button_on_landing_screen() {&#10;    // Write code here that turns the phrase above into concrete actions&#10;    throw new io.cucumber.java.PendingException();&#10;}&#10;@Then(&quot;Verify user is navigated back to Edge Home screen&quot;)&#10;public void verify_user_is_navigated_back_to_edge_home_screen() {&#10;    // Write code here that turns the phrase above into concrete actions&#10;    throw new io.cucumber.java.PendingException();&#10;}&#10;" type="io.cucumber.junit.UndefinedStepException">io.cucumber.junit.UndefinedStepException: 
The step "User is at EDGE Home Screen from Onboarding" is undefined. You can implement it using the snippet(s) below:

@Given("User is at EDGE Home Screen from Onboarding")
public void user_is_at_edge_home_screen_from_onboarding() {
    // Write code here that turns the phrase above into concrete actions
    throw new io.cucumber.java.PendingException();
}


Some other steps were also undefined:

@When("User taps on PayRent tab")
public void user_taps_on_pay_rent_tab() {
    // Write code here that turns the phrase above into concrete actions
    throw new io.cucumber.java.PendingException();
}
@Then("Verify user is redirected to PayRent Landing Screen")
public void verify_user_is_redirected_to_pay_rent_landing_screen() {
    // Write code here that turns the phrase above into concrete actions
    throw new io.cucumber.java.PendingException();
}
@When("User taps device back button on Landing Screen")
public void user_taps_device_back_button_on_landing_screen() {
    // Write code here that turns the phrase above into concrete actions
    throw new io.cucumber.java.PendingException();
}
@Then("Verify user is navigated back to Edge Home screen")
public void verify_user_is_navigated_back_to_edge_home_screen() {
    // Write code here that turns the phrase above into concrete actions
    throw new io.cucumber.java.PendingException();
}

</error>
    <system-out><![CDATA[
@Edge @Regression
Scenario: 1 #Verifying PayRent tab for New User on EDGE Home Screen &amp#27;[90m# src/test/resources/Features/Edge_Home_Screen.feature:4&amp#27;[0m
  &amp#27;[33mGiven &amp#27;[0m&amp#27;[33mUser is at EDGE Home Screen from Onboarding&amp#27;[0m                 &amp#27;[90m# null&amp#27;[0m
  &amp#27;[36mWhen &amp#27;[0m&amp#27;[36mUser taps on PayRent tab&amp#27;[0m                                     &amp#27;[90m# null&amp#27;[0m
  &amp#27;[36mThen &amp#27;[0m&amp#27;[36mVerify user is redirected to PayRent Landing Screen&amp#27;[0m          &amp#27;[90m# null&amp#27;[0m
  &amp#27;[36mWhen &amp#27;[0m&amp#27;[36mUser taps device back button on Landing Screen&amp#27;[0m               &amp#27;[90m# null&amp#27;[0m
  &amp#27;[36mThen &amp#27;[0m&amp#27;[36mVerify user is navigated back to Edge Home screen&amp#27;[0m            &amp#27;[90m# null&amp#27;[0m
]]></system-out>
  </testcase>
  <testcase name="2 #Verifying PayRent tab for Returning User on EDGE Home Screen" classname="EDGE Home Scren" time="0.019">
    <error message="The step &quot;User is at EDGE Home Scren after login with returning user&quot; is undefined. You can implement it using the snippet(s) below:&#10;&#10;@Given(&quot;User is at EDGE Home Scren after login with returning user&quot;)&#10;public void user_is_at_edge_home_scren_after_login_with_returning_user() {&#10;    // Write code here that turns the phrase above into concrete actions&#10;    throw new io.cucumber.java.PendingException();&#10;}&#10;&#10;&#10;Some other steps were also undefined:&#10;&#10;@When(&quot;User taps on PayRent tab&quot;)&#10;public void user_taps_on_pay_rent_tab() {&#10;    // Write code here that turns the phrase above into concrete actions&#10;    throw new io.cucumber.java.PendingException();&#10;}&#10;@Then(&quot;Verify user is redirected to PayRent Home Screen&quot;)&#10;public void verify_user_is_redirected_to_pay_rent_home_screen() {&#10;    // Write code here that turns the phrase above into concrete actions&#10;    throw new io.cucumber.java.PendingException();&#10;}&#10;@When(&quot;User taps on back button on PayRent Home Screen&quot;)&#10;public void user_taps_on_back_button_on_pay_rent_home_screen() {&#10;    // Write code here that turns the phrase above into concrete actions&#10;    throw new io.cucumber.java.PendingException();&#10;}&#10;@Then(&quot;Verify user is shown toast message to exit&quot;)&#10;public void verify_user_is_shown_toast_message_to_exit() {&#10;    // Write code here that turns the phrase above into concrete actions&#10;    throw new io.cucumber.java.PendingException();&#10;}&#10;" type="io.cucumber.junit.UndefinedStepException">io.cucumber.junit.UndefinedStepException: 
The step "User is at EDGE Home Scren after login with returning user" is undefined. You can implement it using the snippet(s) below:

@Given("User is at EDGE Home Scren after login with returning user")
public void user_is_at_edge_home_scren_after_login_with_returning_user() {
    // Write code here that turns the phrase above into concrete actions
    throw new io.cucumber.java.PendingException();
}


Some other steps were also undefined:

@When("User taps on PayRent tab")
public void user_taps_on_pay_rent_tab() {
    // Write code here that turns the phrase above into concrete actions
    throw new io.cucumber.java.PendingException();
}
@Then("Verify user is redirected to PayRent Home Screen")
public void verify_user_is_redirected_to_pay_rent_home_screen() {
    // Write code here that turns the phrase above into concrete actions
    throw new io.cucumber.java.PendingException();
}
@When("User taps on back button on PayRent Home Screen")
public void user_taps_on_back_button_on_pay_rent_home_screen() {
    // Write code here that turns the phrase above into concrete actions
    throw new io.cucumber.java.PendingException();
}
@Then("Verify user is shown toast message to exit")
public void verify_user_is_shown_toast_message_to_exit() {
    // Write code here that turns the phrase above into concrete actions
    throw new io.cucumber.java.PendingException();
}

</error>
    <system-out><![CDATA[
@Edge @Regression
Scenario: 2 #Verifying PayRent tab for Returning User on EDGE Home Screen &amp#27;[90m# src/test/resources/Features/Edge_Home_Screen.feature:14&amp#27;[0m
  &amp#27;[33mGiven &amp#27;[0m&amp#27;[33mUser is at EDGE Home Scren after login with returning user&amp#27;[0m        &amp#27;[90m# null&amp#27;[0m
  &amp#27;[36mWhen &amp#27;[0m&amp#27;[36mUser taps on PayRent tab&amp#27;[0m                                           &amp#27;[90m# null&amp#27;[0m
  &amp#27;[36mThen &amp#27;[0m&amp#27;[36mVerify user is redirected to PayRent Home Screen&amp#27;[0m                   &amp#27;[90m# null&amp#27;[0m
  &amp#27;[36mWhen &amp#27;[0m&amp#27;[36mUser taps on back button on PayRent Home Screen&amp#27;[0m                    &amp#27;[90m# null&amp#27;[0m
  &amp#27;[36mThen &amp#27;[0m&amp#27;[36mVerify user is shown toast message to exit&amp#27;[0m                         &amp#27;[90m# null&amp#27;[0m
]]></system-out>
  </testcase>
  <testcase name="3 #Verifying Rent Agreement tab EDGE Home Screen" classname="EDGE Home Scren" time="0.016">
    <error message="The step &quot;User is at EDGE Home Screen from Onboarding&quot; is undefined. You can implement it using the snippet(s) below:&#10;&#10;@Given(&quot;User is at EDGE Home Screen from Onboarding&quot;)&#10;public void user_is_at_edge_home_screen_from_onboarding() {&#10;    // Write code here that turns the phrase above into concrete actions&#10;    throw new io.cucumber.java.PendingException();&#10;}&#10;&#10;&#10;Some other steps were also undefined:&#10;&#10;@When(&quot;User taps on Rent Agreement tab&quot;)&#10;public void user_taps_on_rent_agreement_tab() {&#10;    // Write code here that turns the phrase above into concrete actions&#10;    throw new io.cucumber.java.PendingException();&#10;}&#10;@Then(&quot;Verify user is redirected to Rent Agreement landing Screen&quot;)&#10;public void verify_user_is_redirected_to_rent_agreement_landing_screen() {&#10;    // Write code here that turns the phrase above into concrete actions&#10;    throw new io.cucumber.java.PendingException();&#10;}&#10;@When(&quot;User taps device back button on Landing Screen&quot;)&#10;public void user_taps_device_back_button_on_landing_screen() {&#10;    // Write code here that turns the phrase above into concrete actions&#10;    throw new io.cucumber.java.PendingException();&#10;}&#10;@Then(&quot;Verify user is navigated back to Edge Home screen&quot;)&#10;public void verify_user_is_navigated_back_to_edge_home_screen() {&#10;    // Write code here that turns the phrase above into concrete actions&#10;    throw new io.cucumber.java.PendingException();&#10;}&#10;" type="io.cucumber.junit.UndefinedStepException">io.cucumber.junit.UndefinedStepException: 
The step "User is at EDGE Home Screen from Onboarding" is undefined. You can implement it using the snippet(s) below:

@Given("User is at EDGE Home Screen from Onboarding")
public void user_is_at_edge_home_screen_from_onboarding() {
    // Write code here that turns the phrase above into concrete actions
    throw new io.cucumber.java.PendingException();
}


Some other steps were also undefined:

@When("User taps on Rent Agreement tab")
public void user_taps_on_rent_agreement_tab() {
    // Write code here that turns the phrase above into concrete actions
    throw new io.cucumber.java.PendingException();
}
@Then("Verify user is redirected to Rent Agreement landing Screen")
public void verify_user_is_redirected_to_rent_agreement_landing_screen() {
    // Write code here that turns the phrase above into concrete actions
    throw new io.cucumber.java.PendingException();
}
@When("User taps device back button on Landing Screen")
public void user_taps_device_back_button_on_landing_screen() {
    // Write code here that turns the phrase above into concrete actions
    throw new io.cucumber.java.PendingException();
}
@Then("Verify user is navigated back to Edge Home screen")
public void verify_user_is_navigated_back_to_edge_home_screen() {
    // Write code here that turns the phrase above into concrete actions
    throw new io.cucumber.java.PendingException();
}

</error>
    <system-out><![CDATA[
@Edge @Regression
Scenario: 3 #Verifying Rent Agreement tab EDGE Home Screen        &amp#27;[90m# src/test/resources/Features/Edge_Home_Screen.feature:24&amp#27;[0m
  &amp#27;[33mGiven &amp#27;[0m&amp#27;[33mUser is at EDGE Home Screen from Onboarding&amp#27;[0m               &amp#27;[90m# null&amp#27;[0m
  &amp#27;[36mWhen &amp#27;[0m&amp#27;[36mUser taps on Rent Agreement tab&amp#27;[0m                            &amp#27;[90m# null&amp#27;[0m
  &amp#27;[36mThen &amp#27;[0m&amp#27;[36mVerify user is redirected to Rent Agreement landing Screen&amp#27;[0m &amp#27;[90m# null&amp#27;[0m
  &amp#27;[36mWhen &amp#27;[0m&amp#27;[36mUser taps device back button on Landing Screen&amp#27;[0m             &amp#27;[90m# null&amp#27;[0m
  &amp#27;[36mThen &amp#27;[0m&amp#27;[36mVerify user is navigated back to Edge Home screen&amp#27;[0m          &amp#27;[90m# null&amp#27;[0m
]]></system-out>
  </testcase>
  <testcase name="4 #Verifying All Services on EDGE Home Screen #1" classname="EDGE Home Scren" time="0.026">
    <error message="The step &quot;User is at EDGE Home Screen from Onboarding&quot; is undefined. You can implement it using the snippet(s) below:&#10;&#10;@Given(&quot;User is at EDGE Home Screen from Onboarding&quot;)&#10;public void user_is_at_edge_home_screen_from_onboarding() {&#10;    // Write code here that turns the phrase above into concrete actions&#10;    throw new io.cucumber.java.PendingException();&#10;}&#10;&#10;&#10;Some other steps were also undefined:&#10;&#10;@When(&quot;User taps on {string} tab&quot;)&#10;public void user_taps_on_tab(String string) {&#10;    // Write code here that turns the phrase above into concrete actions&#10;    throw new io.cucumber.java.PendingException();&#10;}&#10;@Then(&quot;Verify user is redirected to that {string} meb&quot;)&#10;public void verify_user_is_redirected_to_that_meb(String string) {&#10;    // Write code here that turns the phrase above into concrete actions&#10;    throw new io.cucumber.java.PendingException();&#10;}&#10;@When(&quot;User taps device back button on mweb&quot;)&#10;public void user_taps_device_back_button_on_mweb() {&#10;    // Write code here that turns the phrase above into concrete actions&#10;    throw new io.cucumber.java.PendingException();&#10;}&#10;@Then(&quot;Verify user is navigated back to Edge Home screen&quot;)&#10;public void verify_user_is_navigated_back_to_edge_home_screen() {&#10;    // Write code here that turns the phrase above into concrete actions&#10;    throw new io.cucumber.java.PendingException();&#10;}&#10;" type="io.cucumber.junit.UndefinedStepException">io.cucumber.junit.UndefinedStepException: 
The step "User is at EDGE Home Screen from Onboarding" is undefined. You can implement it using the snippet(s) below:

@Given("User is at EDGE Home Screen from Onboarding")
public void user_is_at_edge_home_screen_from_onboarding() {
    // Write code here that turns the phrase above into concrete actions
    throw new io.cucumber.java.PendingException();
}


Some other steps were also undefined:

@When("User taps on {string} tab")
public void user_taps_on_tab(String string) {
    // Write code here that turns the phrase above into concrete actions
    throw new io.cucumber.java.PendingException();
}
@Then("Verify user is redirected to that {string} meb")
public void verify_user_is_redirected_to_that_meb(String string) {
    // Write code here that turns the phrase above into concrete actions
    throw new io.cucumber.java.PendingException();
}
@When("User taps device back button on mweb")
public void user_taps_device_back_button_on_mweb() {
    // Write code here that turns the phrase above into concrete actions
    throw new io.cucumber.java.PendingException();
}
@Then("Verify user is navigated back to Edge Home screen")
public void verify_user_is_navigated_back_to_edge_home_screen() {
    // Write code here that turns the phrase above into concrete actions
    throw new io.cucumber.java.PendingException();
}

</error>
    <system-out><![CDATA[
@Edge @Regression
Scenario Outline: 4 #Verifying All Services on EDGE Home Screen &amp#27;[90m# src/test/resources/Features/Edge_Home_Screen.feature:46&amp#27;[0m
  &amp#27;[33mGiven &amp#27;[0m&amp#27;[33mUser is at EDGE Home Screen from Onboarding&amp#27;[0m             &amp#27;[90m# null&amp#27;[0m
  &amp#27;[36mWhen &amp#27;[0m&amp#27;[36mUser taps on "'Home Loans'" tab&amp#27;[0m                          &amp#27;[90m# null&amp#27;[0m
  &amp#27;[36mThen &amp#27;[0m&amp#27;[36mVerify user is redirected to that "home-loans" meb&amp#27;[0m       &amp#27;[90m# null&amp#27;[0m
  &amp#27;[36mWhen &amp#27;[0m&amp#27;[36mUser taps device back button on mweb&amp#27;[0m                     &amp#27;[90m# null&amp#27;[0m
  &amp#27;[36mThen &amp#27;[0m&amp#27;[36mVerify user is navigated back to Edge Home screen&amp#27;[0m        &amp#27;[90m# null&amp#27;[0m
]]></system-out>
  </testcase>
  <testcase name="4 #Verifying All Services on EDGE Home Screen #2" classname="EDGE Home Scren" time="0.029">
    <error message="The step &quot;User is at EDGE Home Screen from Onboarding&quot; is undefined. You can implement it using the snippet(s) below:&#10;&#10;@Given(&quot;User is at EDGE Home Screen from Onboarding&quot;)&#10;public void user_is_at_edge_home_screen_from_onboarding() {&#10;    // Write code here that turns the phrase above into concrete actions&#10;    throw new io.cucumber.java.PendingException();&#10;}&#10;&#10;&#10;Some other steps were also undefined:&#10;&#10;@When(&quot;User taps on {string} tab&quot;)&#10;public void user_taps_on_tab(String string) {&#10;    // Write code here that turns the phrase above into concrete actions&#10;    throw new io.cucumber.java.PendingException();&#10;}&#10;@Then(&quot;Verify user is redirected to that {string} meb&quot;)&#10;public void verify_user_is_redirected_to_that_meb(String string) {&#10;    // Write code here that turns the phrase above into concrete actions&#10;    throw new io.cucumber.java.PendingException();&#10;}&#10;@When(&quot;User taps device back button on mweb&quot;)&#10;public void user_taps_device_back_button_on_mweb() {&#10;    // Write code here that turns the phrase above into concrete actions&#10;    throw new io.cucumber.java.PendingException();&#10;}&#10;@Then(&quot;Verify user is navigated back to Edge Home screen&quot;)&#10;public void verify_user_is_navigated_back_to_edge_home_screen() {&#10;    // Write code here that turns the phrase above into concrete actions&#10;    throw new io.cucumber.java.PendingException();&#10;}&#10;" type="io.cucumber.junit.UndefinedStepException">io.cucumber.junit.UndefinedStepException: 
The step "User is at EDGE Home Screen from Onboarding" is undefined. You can implement it using the snippet(s) below:

@Given("User is at EDGE Home Screen from Onboarding")
public void user_is_at_edge_home_screen_from_onboarding() {
    // Write code here that turns the phrase above into concrete actions
    throw new io.cucumber.java.PendingException();
}


Some other steps were also undefined:

@When("User taps on {string} tab")
public void user_taps_on_tab(String string) {
    // Write code here that turns the phrase above into concrete actions
    throw new io.cucumber.java.PendingException();
}
@Then("Verify user is redirected to that {string} meb")
public void verify_user_is_redirected_to_that_meb(String string) {
    // Write code here that turns the phrase above into concrete actions
    throw new io.cucumber.java.PendingException();
}
@When("User taps device back button on mweb")
public void user_taps_device_back_button_on_mweb() {
    // Write code here that turns the phrase above into concrete actions
    throw new io.cucumber.java.PendingException();
}
@Then("Verify user is navigated back to Edge Home screen")
public void verify_user_is_navigated_back_to_edge_home_screen() {
    // Write code here that turns the phrase above into concrete actions
    throw new io.cucumber.java.PendingException();
}

</error>
    <system-out><![CDATA[
@Edge @Regression
Scenario Outline: 4 #Verifying All Services on EDGE Home Screen    &amp#27;[90m# src/test/resources/Features/Edge_Home_Screen.feature:47&amp#27;[0m
  &amp#27;[33mGiven &amp#27;[0m&amp#27;[33mUser is at EDGE Home Screen from Onboarding&amp#27;[0m                &amp#27;[90m# null&amp#27;[0m
  &amp#27;[36mWhen &amp#27;[0m&amp#27;[36mUser taps on "'Home Interiors'" tab&amp#27;[0m                         &amp#27;[90m# null&amp#27;[0m
  &amp#27;[36mThen &amp#27;[0m&amp#27;[36mVerify user is redirected to that "edge/home-interiors" meb&amp#27;[0m &amp#27;[90m# null&amp#27;[0m
  &amp#27;[36mWhen &amp#27;[0m&amp#27;[36mUser taps device back button on mweb&amp#27;[0m                        &amp#27;[90m# null&amp#27;[0m
  &amp#27;[36mThen &amp#27;[0m&amp#27;[36mVerify user is navigated back to Edge Home screen&amp#27;[0m           &amp#27;[90m# null&amp#27;[0m
]]></system-out>
  </testcase>
  <testcase name="4 #Verifying All Services on EDGE Home Screen #3" classname="EDGE Home Scren" time="0.005">
    <error message="The step &quot;User is at EDGE Home Screen from Onboarding&quot; is undefined. You can implement it using the snippet(s) below:&#10;&#10;@Given(&quot;User is at EDGE Home Screen from Onboarding&quot;)&#10;public void user_is_at_edge_home_screen_from_onboarding() {&#10;    // Write code here that turns the phrase above into concrete actions&#10;    throw new io.cucumber.java.PendingException();&#10;}&#10;&#10;&#10;Some other steps were also undefined:&#10;&#10;@When(&quot;User taps on {string} tab&quot;)&#10;public void user_taps_on_tab(String string) {&#10;    // Write code here that turns the phrase above into concrete actions&#10;    throw new io.cucumber.java.PendingException();&#10;}&#10;@Then(&quot;Verify user is redirected to that {string} meb&quot;)&#10;public void verify_user_is_redirected_to_that_meb(String string) {&#10;    // Write code here that turns the phrase above into concrete actions&#10;    throw new io.cucumber.java.PendingException();&#10;}&#10;@When(&quot;User taps device back button on mweb&quot;)&#10;public void user_taps_device_back_button_on_mweb() {&#10;    // Write code here that turns the phrase above into concrete actions&#10;    throw new io.cucumber.java.PendingException();&#10;}&#10;@Then(&quot;Verify user is navigated back to Edge Home screen&quot;)&#10;public void verify_user_is_navigated_back_to_edge_home_screen() {&#10;    // Write code here that turns the phrase above into concrete actions&#10;    throw new io.cucumber.java.PendingException();&#10;}&#10;" type="io.cucumber.junit.UndefinedStepException">io.cucumber.junit.UndefinedStepException: 
The step "User is at EDGE Home Screen from Onboarding" is undefined. You can implement it using the snippet(s) below:

@Given("User is at EDGE Home Screen from Onboarding")
public void user_is_at_edge_home_screen_from_onboarding() {
    // Write code here that turns the phrase above into concrete actions
    throw new io.cucumber.java.PendingException();
}


Some other steps were also undefined:

@When("User taps on {string} tab")
public void user_taps_on_tab(String string) {
    // Write code here that turns the phrase above into concrete actions
    throw new io.cucumber.java.PendingException();
}
@Then("Verify user is redirected to that {string} meb")
public void verify_user_is_redirected_to_that_meb(String string) {
    // Write code here that turns the phrase above into concrete actions
    throw new io.cucumber.java.PendingException();
}
@When("User taps device back button on mweb")
public void user_taps_device_back_button_on_mweb() {
    // Write code here that turns the phrase above into concrete actions
    throw new io.cucumber.java.PendingException();
}
@Then("Verify user is navigated back to Edge Home screen")
public void verify_user_is_navigated_back_to_edge_home_screen() {
    // Write code here that turns the phrase above into concrete actions
    throw new io.cucumber.java.PendingException();
}

</error>
    <system-out><![CDATA[
@Edge @Regression
Scenario Outline: 4 #Verifying All Services on EDGE Home Screen   &amp#27;[90m# src/test/resources/Features/Edge_Home_Screen.feature:48&amp#27;[0m
  &amp#27;[33mGiven &amp#27;[0m&amp#27;[33mUser is at EDGE Home Screen from Onboarding&amp#27;[0m               &amp#27;[90m# null&amp#27;[0m
  &amp#27;[36mWhen &amp#27;[0m&amp#27;[36mUser taps on "'Solar Rooftop'" tab&amp#27;[0m                         &amp#27;[90m# null&amp#27;[0m
  &amp#27;[36mThen &amp#27;[0m&amp#27;[36mVerify user is redirected to that "edge/solar-rooftop" meb&amp#27;[0m &amp#27;[90m# null&amp#27;[0m
  &amp#27;[36mWhen &amp#27;[0m&amp#27;[36mUser taps device back button on mweb&amp#27;[0m                       &amp#27;[90m# null&amp#27;[0m
  &amp#27;[36mThen &amp#27;[0m&amp#27;[36mVerify user is navigated back to Edge Home screen&amp#27;[0m          &amp#27;[90m# null&amp#27;[0m
]]></system-out>
  </testcase>
  <testcase name="4 #Verifying All Services on EDGE Home Screen #4" classname="EDGE Home Scren" time="0.012">
    <error message="The step &quot;User is at EDGE Home Screen from Onboarding&quot; is undefined. You can implement it using the snippet(s) below:&#10;&#10;@Given(&quot;User is at EDGE Home Screen from Onboarding&quot;)&#10;public void user_is_at_edge_home_screen_from_onboarding() {&#10;    // Write code here that turns the phrase above into concrete actions&#10;    throw new io.cucumber.java.PendingException();&#10;}&#10;&#10;&#10;Some other steps were also undefined:&#10;&#10;@When(&quot;User taps on {string} tab&quot;)&#10;public void user_taps_on_tab(String string) {&#10;    // Write code here that turns the phrase above into concrete actions&#10;    throw new io.cucumber.java.PendingException();&#10;}&#10;@Then(&quot;Verify user is redirected to that {string} meb&quot;)&#10;public void verify_user_is_redirected_to_that_meb(String string) {&#10;    // Write code here that turns the phrase above into concrete actions&#10;    throw new io.cucumber.java.PendingException();&#10;}&#10;@When(&quot;User taps device back button on mweb&quot;)&#10;public void user_taps_device_back_button_on_mweb() {&#10;    // Write code here that turns the phrase above into concrete actions&#10;    throw new io.cucumber.java.PendingException();&#10;}&#10;@Then(&quot;Verify user is navigated back to Edge Home screen&quot;)&#10;public void verify_user_is_navigated_back_to_edge_home_screen() {&#10;    // Write code here that turns the phrase above into concrete actions&#10;    throw new io.cucumber.java.PendingException();&#10;}&#10;" type="io.cucumber.junit.UndefinedStepException">io.cucumber.junit.UndefinedStepException: 
The step "User is at EDGE Home Screen from Onboarding" is undefined. You can implement it using the snippet(s) below:

@Given("User is at EDGE Home Screen from Onboarding")
public void user_is_at_edge_home_screen_from_onboarding() {
    // Write code here that turns the phrase above into concrete actions
    throw new io.cucumber.java.PendingException();
}


Some other steps were also undefined:

@When("User taps on {string} tab")
public void user_taps_on_tab(String string) {
    // Write code here that turns the phrase above into concrete actions
    throw new io.cucumber.java.PendingException();
}
@Then("Verify user is redirected to that {string} meb")
public void verify_user_is_redirected_to_that_meb(String string) {
    // Write code here that turns the phrase above into concrete actions
    throw new io.cucumber.java.PendingException();
}
@When("User taps device back button on mweb")
public void user_taps_device_back_button_on_mweb() {
    // Write code here that turns the phrase above into concrete actions
    throw new io.cucumber.java.PendingException();
}
@Then("Verify user is navigated back to Edge Home screen")
public void verify_user_is_navigated_back_to_edge_home_screen() {
    // Write code here that turns the phrase above into concrete actions
    throw new io.cucumber.java.PendingException();
}

</error>
    <system-out><![CDATA[
@Edge @Regression
Scenario Outline: 4 #Verifying All Services on EDGE Home Screen        &amp#27;[90m# src/test/resources/Features/Edge_Home_Screen.feature:49&amp#27;[0m
  &amp#27;[33mGiven &amp#27;[0m&amp#27;[33mUser is at EDGE Home Screen from Onboarding&amp#27;[0m                    &amp#27;[90m# null&amp#27;[0m
  &amp#27;[36mWhen &amp#27;[0m&amp#27;[36mUser taps on "'Packers & Movers'" tab&amp#27;[0m                           &amp#27;[90m# null&amp#27;[0m
  &amp#27;[36mThen &amp#27;[0m&amp#27;[36mVerify user is redirected to that "edge/packers-and-movers" meb&amp#27;[0m &amp#27;[90m# null&amp#27;[0m
  &amp#27;[36mWhen &amp#27;[0m&amp#27;[36mUser taps device back button on mweb&amp#27;[0m                            &amp#27;[90m# null&amp#27;[0m
  &amp#27;[36mThen &amp#27;[0m&amp#27;[36mVerify user is navigated back to Edge Home screen&amp#27;[0m               &amp#27;[90m# null&amp#27;[0m
]]></system-out>
  </testcase>
  <testcase name="4 #Verifying All Services on EDGE Home Screen #5" classname="EDGE Home Scren" time="0.01">
    <error message="The step &quot;User is at EDGE Home Screen from Onboarding&quot; is undefined. You can implement it using the snippet(s) below:&#10;&#10;@Given(&quot;User is at EDGE Home Screen from Onboarding&quot;)&#10;public void user_is_at_edge_home_screen_from_onboarding() {&#10;    // Write code here that turns the phrase above into concrete actions&#10;    throw new io.cucumber.java.PendingException();&#10;}&#10;&#10;&#10;Some other steps were also undefined:&#10;&#10;@When(&quot;User taps on {string} tab&quot;)&#10;public void user_taps_on_tab(String string) {&#10;    // Write code here that turns the phrase above into concrete actions&#10;    throw new io.cucumber.java.PendingException();&#10;}&#10;@Then(&quot;Verify user is redirected to that {string} meb&quot;)&#10;public void verify_user_is_redirected_to_that_meb(String string) {&#10;    // Write code here that turns the phrase above into concrete actions&#10;    throw new io.cucumber.java.PendingException();&#10;}&#10;@When(&quot;User taps device back button on mweb&quot;)&#10;public void user_taps_device_back_button_on_mweb() {&#10;    // Write code here that turns the phrase above into concrete actions&#10;    throw new io.cucumber.java.PendingException();&#10;}&#10;@Then(&quot;Verify user is navigated back to Edge Home screen&quot;)&#10;public void verify_user_is_navigated_back_to_edge_home_screen() {&#10;    // Write code here that turns the phrase above into concrete actions&#10;    throw new io.cucumber.java.PendingException();&#10;}&#10;" type="io.cucumber.junit.UndefinedStepException">io.cucumber.junit.UndefinedStepException: 
The step "User is at EDGE Home Screen from Onboarding" is undefined. You can implement it using the snippet(s) below:

@Given("User is at EDGE Home Screen from Onboarding")
public void user_is_at_edge_home_screen_from_onboarding() {
    // Write code here that turns the phrase above into concrete actions
    throw new io.cucumber.java.PendingException();
}


Some other steps were also undefined:

@When("User taps on {string} tab")
public void user_taps_on_tab(String string) {
    // Write code here that turns the phrase above into concrete actions
    throw new io.cucumber.java.PendingException();
}
@Then("Verify user is redirected to that {string} meb")
public void verify_user_is_redirected_to_that_meb(String string) {
    // Write code here that turns the phrase above into concrete actions
    throw new io.cucumber.java.PendingException();
}
@When("User taps device back button on mweb")
public void user_taps_device_back_button_on_mweb() {
    // Write code here that turns the phrase above into concrete actions
    throw new io.cucumber.java.PendingException();
}
@Then("Verify user is navigated back to Edge Home screen")
public void verify_user_is_navigated_back_to_edge_home_screen() {
    // Write code here that turns the phrase above into concrete actions
    throw new io.cucumber.java.PendingException();
}

</error>
    <system-out><![CDATA[
@Edge @Regression
Scenario Outline: 4 #Verifying All Services on EDGE Home Screen      &amp#27;[90m# src/test/resources/Features/Edge_Home_Screen.feature:50&amp#27;[0m
  &amp#27;[33mGiven &amp#27;[0m&amp#27;[33mUser is at EDGE Home Screen from Onboarding&amp#27;[0m                  &amp#27;[90m# null&amp#27;[0m
  &amp#27;[36mWhen &amp#27;[0m&amp#27;[36mUser taps on "'Rental Furniture'" tab&amp#27;[0m                         &amp#27;[90m# null&amp#27;[0m
  &amp#27;[36mThen &amp#27;[0m&amp#27;[36mVerify user is redirected to that "edge/rental-furniture" meb&amp#27;[0m &amp#27;[90m# null&amp#27;[0m
  &amp#27;[36mWhen &amp#27;[0m&amp#27;[36mUser taps device back button on mweb&amp#27;[0m                          &amp#27;[90m# null&amp#27;[0m
  &amp#27;[36mThen &amp#27;[0m&amp#27;[36mVerify user is navigated back to Edge Home screen&amp#27;[0m             &amp#27;[90m# null&amp#27;[0m
]]></system-out>
  </testcase>
  <testcase name="4 #Verifying All Services on EDGE Home Screen #6" classname="EDGE Home Scren" time="0.018">
    <error message="The step &quot;User is at EDGE Home Screen from Onboarding&quot; is undefined. You can implement it using the snippet(s) below:&#10;&#10;@Given(&quot;User is at EDGE Home Screen from Onboarding&quot;)&#10;public void user_is_at_edge_home_screen_from_onboarding() {&#10;    // Write code here that turns the phrase above into concrete actions&#10;    throw new io.cucumber.java.PendingException();&#10;}&#10;&#10;&#10;Some other steps were also undefined:&#10;&#10;@When(&quot;User taps on {string} tab&quot;)&#10;public void user_taps_on_tab(String string) {&#10;    // Write code here that turns the phrase above into concrete actions&#10;    throw new io.cucumber.java.PendingException();&#10;}&#10;@Then(&quot;Verify user is redirected to that {string} meb&quot;)&#10;public void verify_user_is_redirected_to_that_meb(String string) {&#10;    // Write code here that turns the phrase above into concrete actions&#10;    throw new io.cucumber.java.PendingException();&#10;}&#10;@When(&quot;User taps device back button on mweb&quot;)&#10;public void user_taps_device_back_button_on_mweb() {&#10;    // Write code here that turns the phrase above into concrete actions&#10;    throw new io.cucumber.java.PendingException();&#10;}&#10;@Then(&quot;Verify user is navigated back to Edge Home screen&quot;)&#10;public void verify_user_is_navigated_back_to_edge_home_screen() {&#10;    // Write code here that turns the phrase above into concrete actions&#10;    throw new io.cucumber.java.PendingException();&#10;}&#10;" type="io.cucumber.junit.UndefinedStepException">io.cucumber.junit.UndefinedStepException: 
The step "User is at EDGE Home Screen from Onboarding" is undefined. You can implement it using the snippet(s) below:

@Given("User is at EDGE Home Screen from Onboarding")
public void user_is_at_edge_home_screen_from_onboarding() {
    // Write code here that turns the phrase above into concrete actions
    throw new io.cucumber.java.PendingException();
}


Some other steps were also undefined:

@When("User taps on {string} tab")
public void user_taps_on_tab(String string) {
    // Write code here that turns the phrase above into concrete actions
    throw new io.cucumber.java.PendingException();
}
@Then("Verify user is redirected to that {string} meb")
public void verify_user_is_redirected_to_that_meb(String string) {
    // Write code here that turns the phrase above into concrete actions
    throw new io.cucumber.java.PendingException();
}
@When("User taps device back button on mweb")
public void user_taps_device_back_button_on_mweb() {
    // Write code here that turns the phrase above into concrete actions
    throw new io.cucumber.java.PendingException();
}
@Then("Verify user is navigated back to Edge Home screen")
public void verify_user_is_navigated_back_to_edge_home_screen() {
    // Write code here that turns the phrase above into concrete actions
    throw new io.cucumber.java.PendingException();
}

</error>
    <system-out><![CDATA[
@Edge @Regression
Scenario Outline: 4 #Verifying All Services on EDGE Home Screen         &amp#27;[90m# src/test/resources/Features/Edge_Home_Screen.feature:51&amp#27;[0m
  &amp#27;[33mGiven &amp#27;[0m&amp#27;[33mUser is at EDGE Home Screen from Onboarding&amp#27;[0m                     &amp#27;[90m# null&amp#27;[0m
  &amp#27;[36mWhen &amp#27;[0m&amp#27;[36mUser taps on "'Property Management'" tab&amp#27;[0m                         &amp#27;[90m# null&amp#27;[0m
  &amp#27;[36mThen &amp#27;[0m&amp#27;[36mVerify user is redirected to that "edge/property-management" meb&amp#27;[0m &amp#27;[90m# null&amp#27;[0m
  &amp#27;[36mWhen &amp#27;[0m&amp#27;[36mUser taps device back button on mweb&amp#27;[0m                             &amp#27;[90m# null&amp#27;[0m
  &amp#27;[36mThen &amp#27;[0m&amp#27;[36mVerify user is navigated back to Edge Home screen&amp#27;[0m                &amp#27;[90m# null&amp#27;[0m
]]></system-out>
  </testcase>
  <testcase name="4 #Verifying All Services on EDGE Home Screen #7" classname="EDGE Home Scren" time="0.012">
    <error message="The step &quot;User is at EDGE Home Screen from Onboarding&quot; is undefined. You can implement it using the snippet(s) below:&#10;&#10;@Given(&quot;User is at EDGE Home Screen from Onboarding&quot;)&#10;public void user_is_at_edge_home_screen_from_onboarding() {&#10;    // Write code here that turns the phrase above into concrete actions&#10;    throw new io.cucumber.java.PendingException();&#10;}&#10;&#10;&#10;Some other steps were also undefined:&#10;&#10;@When(&quot;User taps on {string} tab&quot;)&#10;public void user_taps_on_tab(String string) {&#10;    // Write code here that turns the phrase above into concrete actions&#10;    throw new io.cucumber.java.PendingException();&#10;}&#10;@Then(&quot;Verify user is redirected to that {string} meb&quot;)&#10;public void verify_user_is_redirected_to_that_meb(String string) {&#10;    // Write code here that turns the phrase above into concrete actions&#10;    throw new io.cucumber.java.PendingException();&#10;}&#10;@When(&quot;User taps device back button on mweb&quot;)&#10;public void user_taps_device_back_button_on_mweb() {&#10;    // Write code here that turns the phrase above into concrete actions&#10;    throw new io.cucumber.java.PendingException();&#10;}&#10;@Then(&quot;Verify user is navigated back to Edge Home screen&quot;)&#10;public void verify_user_is_navigated_back_to_edge_home_screen() {&#10;    // Write code here that turns the phrase above into concrete actions&#10;    throw new io.cucumber.java.PendingException();&#10;}&#10;" type="io.cucumber.junit.UndefinedStepException">io.cucumber.junit.UndefinedStepException: 
The step "User is at EDGE Home Screen from Onboarding" is undefined. You can implement it using the snippet(s) below:

@Given("User is at EDGE Home Screen from Onboarding")
public void user_is_at_edge_home_screen_from_onboarding() {
    // Write code here that turns the phrase above into concrete actions
    throw new io.cucumber.java.PendingException();
}


Some other steps were also undefined:

@When("User taps on {string} tab")
public void user_taps_on_tab(String string) {
    // Write code here that turns the phrase above into concrete actions
    throw new io.cucumber.java.PendingException();
}
@Then("Verify user is redirected to that {string} meb")
public void verify_user_is_redirected_to_that_meb(String string) {
    // Write code here that turns the phrase above into concrete actions
    throw new io.cucumber.java.PendingException();
}
@When("User taps device back button on mweb")
public void user_taps_device_back_button_on_mweb() {
    // Write code here that turns the phrase above into concrete actions
    throw new io.cucumber.java.PendingException();
}
@Then("Verify user is navigated back to Edge Home screen")
public void verify_user_is_navigated_back_to_edge_home_screen() {
    // Write code here that turns the phrase above into concrete actions
    throw new io.cucumber.java.PendingException();
}

</error>
    <system-out><![CDATA[
@Edge @Regression
Scenario Outline: 4 #Verifying All Services on EDGE Home Screen     &amp#27;[90m# src/test/resources/Features/Edge_Home_Screen.feature:52&amp#27;[0m
  &amp#27;[33mGiven &amp#27;[0m&amp#27;[33mUser is at EDGE Home Screen from Onboarding&amp#27;[0m                 &amp#27;[90m# null&amp#27;[0m
  &amp#27;[36mWhen &amp#27;[0m&amp#27;[36mUser taps on "'Home Inspection'" tab&amp#27;[0m                         &amp#27;[90m# null&amp#27;[0m
  &amp#27;[36mThen &amp#27;[0m&amp#27;[36mVerify user is redirected to that "edge/home-inspection" meb&amp#27;[0m &amp#27;[90m# null&amp#27;[0m
  &amp#27;[36mWhen &amp#27;[0m&amp#27;[36mUser taps device back button on mweb&amp#27;[0m                         &amp#27;[90m# null&amp#27;[0m
  &amp#27;[36mThen &amp#27;[0m&amp#27;[36mVerify user is navigated back to Edge Home screen&amp#27;[0m            &amp#27;[90m# null&amp#27;[0m
]]></system-out>
  </testcase>
  <testcase name="4 #Verifying All Services on EDGE Home Screen #8" classname="EDGE Home Scren" time="0.019">
    <error message="The step &quot;User is at EDGE Home Screen from Onboarding&quot; is undefined. You can implement it using the snippet(s) below:&#10;&#10;@Given(&quot;User is at EDGE Home Screen from Onboarding&quot;)&#10;public void user_is_at_edge_home_screen_from_onboarding() {&#10;    // Write code here that turns the phrase above into concrete actions&#10;    throw new io.cucumber.java.PendingException();&#10;}&#10;&#10;&#10;Some other steps were also undefined:&#10;&#10;@When(&quot;User taps on {string} tab&quot;)&#10;public void user_taps_on_tab(String string) {&#10;    // Write code here that turns the phrase above into concrete actions&#10;    throw new io.cucumber.java.PendingException();&#10;}&#10;@Then(&quot;Verify user is redirected to that {string} meb&quot;)&#10;public void verify_user_is_redirected_to_that_meb(String string) {&#10;    // Write code here that turns the phrase above into concrete actions&#10;    throw new io.cucumber.java.PendingException();&#10;}&#10;@When(&quot;User taps device back button on mweb&quot;)&#10;public void user_taps_device_back_button_on_mweb() {&#10;    // Write code here that turns the phrase above into concrete actions&#10;    throw new io.cucumber.java.PendingException();&#10;}&#10;@Then(&quot;Verify user is navigated back to Edge Home screen&quot;)&#10;public void verify_user_is_navigated_back_to_edge_home_screen() {&#10;    // Write code here that turns the phrase above into concrete actions&#10;    throw new io.cucumber.java.PendingException();&#10;}&#10;" type="io.cucumber.junit.UndefinedStepException">io.cucumber.junit.UndefinedStepException: 
The step "User is at EDGE Home Screen from Onboarding" is undefined. You can implement it using the snippet(s) below:

@Given("User is at EDGE Home Screen from Onboarding")
public void user_is_at_edge_home_screen_from_onboarding() {
    // Write code here that turns the phrase above into concrete actions
    throw new io.cucumber.java.PendingException();
}


Some other steps were also undefined:

@When("User taps on {string} tab")
public void user_taps_on_tab(String string) {
    // Write code here that turns the phrase above into concrete actions
    throw new io.cucumber.java.PendingException();
}
@Then("Verify user is redirected to that {string} meb")
public void verify_user_is_redirected_to_that_meb(String string) {
    // Write code here that turns the phrase above into concrete actions
    throw new io.cucumber.java.PendingException();
}
@When("User taps device back button on mweb")
public void user_taps_device_back_button_on_mweb() {
    // Write code here that turns the phrase above into concrete actions
    throw new io.cucumber.java.PendingException();
}
@Then("Verify user is navigated back to Edge Home screen")
public void verify_user_is_navigated_back_to_edge_home_screen() {
    // Write code here that turns the phrase above into concrete actions
    throw new io.cucumber.java.PendingException();
}

</error>
    <system-out><![CDATA[
@Edge @Regression
Scenario Outline: 4 #Verifying All Services on EDGE Home Screen         &amp#27;[90m# src/test/resources/Features/Edge_Home_Screen.feature:53&amp#27;[0m
  &amp#27;[33mGiven &amp#27;[0m&amp#27;[33mUser is at EDGE Home Screen from Onboarding&amp#27;[0m                     &amp#27;[90m# null&amp#27;[0m
  &amp#27;[36mWhen &amp#27;[0m&amp#27;[36mUser taps on "'Tenant Verification'" tab&amp#27;[0m                         &amp#27;[90m# null&amp#27;[0m
  &amp#27;[36mThen &amp#27;[0m&amp#27;[36mVerify user is redirected to that "edge/tenant-verification" meb&amp#27;[0m &amp#27;[90m# null&amp#27;[0m
  &amp#27;[36mWhen &amp#27;[0m&amp#27;[36mUser taps device back button on mweb&amp#27;[0m                             &amp#27;[90m# null&amp#27;[0m
  &amp#27;[36mThen &amp#27;[0m&amp#27;[36mVerify user is navigated back to Edge Home screen&amp#27;[0m                &amp#27;[90m# null&amp#27;[0m
]]></system-out>
  </testcase>
  <testcase name="4 #Verifying All Services on EDGE Home Screen #9" classname="EDGE Home Scren" time="0.01">
    <error message="The step &quot;User is at EDGE Home Screen from Onboarding&quot; is undefined. You can implement it using the snippet(s) below:&#10;&#10;@Given(&quot;User is at EDGE Home Screen from Onboarding&quot;)&#10;public void user_is_at_edge_home_screen_from_onboarding() {&#10;    // Write code here that turns the phrase above into concrete actions&#10;    throw new io.cucumber.java.PendingException();&#10;}&#10;&#10;&#10;Some other steps were also undefined:&#10;&#10;@When(&quot;User taps on {string} tab&quot;)&#10;public void user_taps_on_tab(String string) {&#10;    // Write code here that turns the phrase above into concrete actions&#10;    throw new io.cucumber.java.PendingException();&#10;}&#10;@Then(&quot;Verify user is redirected to that {string} meb&quot;)&#10;public void verify_user_is_redirected_to_that_meb(String string) {&#10;    // Write code here that turns the phrase above into concrete actions&#10;    throw new io.cucumber.java.PendingException();&#10;}&#10;@When(&quot;User taps device back button on mweb&quot;)&#10;public void user_taps_device_back_button_on_mweb() {&#10;    // Write code here that turns the phrase above into concrete actions&#10;    throw new io.cucumber.java.PendingException();&#10;}&#10;@Then(&quot;Verify user is navigated back to Edge Home screen&quot;)&#10;public void verify_user_is_navigated_back_to_edge_home_screen() {&#10;    // Write code here that turns the phrase above into concrete actions&#10;    throw new io.cucumber.java.PendingException();&#10;}&#10;" type="io.cucumber.junit.UndefinedStepException">io.cucumber.junit.UndefinedStepException: 
The step "User is at EDGE Home Screen from Onboarding" is undefined. You can implement it using the snippet(s) below:

@Given("User is at EDGE Home Screen from Onboarding")
public void user_is_at_edge_home_screen_from_onboarding() {
    // Write code here that turns the phrase above into concrete actions
    throw new io.cucumber.java.PendingException();
}


Some other steps were also undefined:

@When("User taps on {string} tab")
public void user_taps_on_tab(String string) {
    // Write code here that turns the phrase above into concrete actions
    throw new io.cucumber.java.PendingException();
}
@Then("Verify user is redirected to that {string} meb")
public void verify_user_is_redirected_to_that_meb(String string) {
    // Write code here that turns the phrase above into concrete actions
    throw new io.cucumber.java.PendingException();
}
@When("User taps device back button on mweb")
public void user_taps_device_back_button_on_mweb() {
    // Write code here that turns the phrase above into concrete actions
    throw new io.cucumber.java.PendingException();
}
@Then("Verify user is navigated back to Edge Home screen")
public void verify_user_is_navigated_back_to_edge_home_screen() {
    // Write code here that turns the phrase above into concrete actions
    throw new io.cucumber.java.PendingException();
}

</error>
    <system-out><![CDATA[
@Edge @Regression
Scenario Outline: 4 #Verifying All Services on EDGE Home Screen    &amp#27;[90m# src/test/resources/Features/Edge_Home_Screen.feature:54&amp#27;[0m
  &amp#27;[33mGiven &amp#27;[0m&amp#27;[33mUser is at EDGE Home Screen from Onboarding&amp#27;[0m                &amp#27;[90m# null&amp#27;[0m
  &amp#27;[36mWhen &amp#27;[0m&amp#27;[36mUser taps on "'Legal Services'" tab&amp#27;[0m                         &amp#27;[90m# null&amp#27;[0m
  &amp#27;[36mThen &amp#27;[0m&amp#27;[36mVerify user is redirected to that "edge/legal-services" meb&amp#27;[0m &amp#27;[90m# null&amp#27;[0m
  &amp#27;[36mWhen &amp#27;[0m&amp#27;[36mUser taps device back button on mweb&amp#27;[0m                        &amp#27;[90m# null&amp#27;[0m
  &amp#27;[36mThen &amp#27;[0m&amp#27;[36mVerify user is navigated back to Edge Home screen&amp#27;[0m           &amp#27;[90m# null&amp#27;[0m
]]></system-out>
  </testcase>
  <testcase name="4 #Verifying All Services on EDGE Home Screen #10" classname="EDGE Home Scren" time="0.008">
    <error message="The step &quot;User is at EDGE Home Screen from Onboarding&quot; is undefined. You can implement it using the snippet(s) below:&#10;&#10;@Given(&quot;User is at EDGE Home Screen from Onboarding&quot;)&#10;public void user_is_at_edge_home_screen_from_onboarding() {&#10;    // Write code here that turns the phrase above into concrete actions&#10;    throw new io.cucumber.java.PendingException();&#10;}&#10;&#10;&#10;Some other steps were also undefined:&#10;&#10;@When(&quot;User taps on {string} tab&quot;)&#10;public void user_taps_on_tab(String string) {&#10;    // Write code here that turns the phrase above into concrete actions&#10;    throw new io.cucumber.java.PendingException();&#10;}&#10;@Then(&quot;Verify user is redirected to that {string} meb&quot;)&#10;public void verify_user_is_redirected_to_that_meb(String string) {&#10;    // Write code here that turns the phrase above into concrete actions&#10;    throw new io.cucumber.java.PendingException();&#10;}&#10;@When(&quot;User taps device back button on mweb&quot;)&#10;public void user_taps_device_back_button_on_mweb() {&#10;    // Write code here that turns the phrase above into concrete actions&#10;    throw new io.cucumber.java.PendingException();&#10;}&#10;@Then(&quot;Verify user is navigated back to Edge Home screen&quot;)&#10;public void verify_user_is_navigated_back_to_edge_home_screen() {&#10;    // Write code here that turns the phrase above into concrete actions&#10;    throw new io.cucumber.java.PendingException();&#10;}&#10;" type="io.cucumber.junit.UndefinedStepException">io.cucumber.junit.UndefinedStepException: 
The step "User is at EDGE Home Screen from Onboarding" is undefined. You can implement it using the snippet(s) below:

@Given("User is at EDGE Home Screen from Onboarding")
public void user_is_at_edge_home_screen_from_onboarding() {
    // Write code here that turns the phrase above into concrete actions
    throw new io.cucumber.java.PendingException();
}


Some other steps were also undefined:

@When("User taps on {string} tab")
public void user_taps_on_tab(String string) {
    // Write code here that turns the phrase above into concrete actions
    throw new io.cucumber.java.PendingException();
}
@Then("Verify user is redirected to that {string} meb")
public void verify_user_is_redirected_to_that_meb(String string) {
    // Write code here that turns the phrase above into concrete actions
    throw new io.cucumber.java.PendingException();
}
@When("User taps device back button on mweb")
public void user_taps_device_back_button_on_mweb() {
    // Write code here that turns the phrase above into concrete actions
    throw new io.cucumber.java.PendingException();
}
@Then("Verify user is navigated back to Edge Home screen")
public void verify_user_is_navigated_back_to_edge_home_screen() {
    // Write code here that turns the phrase above into concrete actions
    throw new io.cucumber.java.PendingException();
}

</error>
    <system-out><![CDATA[
@Edge @Regression
Scenario Outline: 4 #Verifying All Services on EDGE Home Screen &amp#27;[90m# src/test/resources/Features/Edge_Home_Screen.feature:55&amp#27;[0m
  &amp#27;[33mGiven &amp#27;[0m&amp#27;[33mUser is at EDGE Home Screen from Onboarding&amp#27;[0m             &amp#27;[90m# null&amp#27;[0m
  &amp#27;[36mWhen &amp#27;[0m&amp#27;[36mUser taps on "'Owner Plans'" tab&amp#27;[0m                         &amp#27;[90m# null&amp#27;[0m
  &amp#27;[36mThen &amp#27;[0m&amp#27;[36mVerify user is redirected to that "owner-packages" meb&amp#27;[0m   &amp#27;[90m# null&amp#27;[0m
  &amp#27;[36mWhen &amp#27;[0m&amp#27;[36mUser taps device back button on mweb&amp#27;[0m                     &amp#27;[90m# null&amp#27;[0m
  &amp#27;[36mThen &amp#27;[0m&amp#27;[36mVerify user is navigated back to Edge Home screen&amp#27;[0m        &amp#27;[90m# null&amp#27;[0m
]]></system-out>
  </testcase>
  <testcase name="5 #Verifying Testimonials section by scrolling" classname="EDGE Home Scren" time="0.004">
    <error message="The step &quot;User is at EDGE Home Screen from Onboarding&quot; is undefined. You can implement it using the snippet(s) below:&#10;&#10;@Given(&quot;User is at EDGE Home Screen from Onboarding&quot;)&#10;public void user_is_at_edge_home_screen_from_onboarding() {&#10;    // Write code here that turns the phrase above into concrete actions&#10;    throw new io.cucumber.java.PendingException();&#10;}&#10;&#10;&#10;Some other steps were also undefined:&#10;&#10;@When(&quot;User scrolls down to the Testimonial section &amp; scrolls Testimonial card&quot;)&#10;public void user_scrolls_down_to_the_testimonial_section_scrolls_testimonial_card() {&#10;    // Write code here that turns the phrase above into concrete actions&#10;    throw new io.cucumber.java.PendingException();&#10;}&#10;@Then(&quot;Verify user is able to scroll Testimonial cards vertically&quot;)&#10;public void verify_user_is_able_to_scroll_testimonial_cards_vertically() {&#10;    // Write code here that turns the phrase above into concrete actions&#10;    throw new io.cucumber.java.PendingException();&#10;}&#10;" type="io.cucumber.junit.UndefinedStepException"><![CDATA[io.cucumber.junit.UndefinedStepException: 
The step "User is at EDGE Home Screen from Onboarding" is undefined. You can implement it using the snippet(s) below:

@Given("User is at EDGE Home Screen from Onboarding")
public void user_is_at_edge_home_screen_from_onboarding() {
    // Write code here that turns the phrase above into concrete actions
    throw new io.cucumber.java.PendingException();
}


Some other steps were also undefined:

@When("User scrolls down to the Testimonial section & scrolls Testimonial card")
public void user_scrolls_down_to_the_testimonial_section_scrolls_testimonial_card() {
    // Write code here that turns the phrase above into concrete actions
    throw new io.cucumber.java.PendingException();
}
@Then("Verify user is able to scroll Testimonial cards vertically")
public void verify_user_is_able_to_scroll_testimonial_cards_vertically() {
    // Write code here that turns the phrase above into concrete actions
    throw new io.cucumber.java.PendingException();
}

]]></error>
    <system-out><![CDATA[
@Edge @Regression
Scenario: 5 #Verifying Testimonials section by scrolling                       &amp#27;[90m# src/test/resources/Features/Edge_Home_Screen.feature:59&amp#27;[0m
  &amp#27;[33mGiven &amp#27;[0m&amp#27;[33mUser is at EDGE Home Screen from Onboarding&amp#27;[0m                            &amp#27;[90m# null&amp#27;[0m
  &amp#27;[36mWhen &amp#27;[0m&amp#27;[36mUser scrolls down to the Testimonial section & scrolls Testimonial card&amp#27;[0m &amp#27;[90m# null&amp#27;[0m
  &amp#27;[36mThen &amp#27;[0m&amp#27;[36mVerify user is able to scroll Testimonial cards vertically&amp#27;[0m              &amp#27;[90m# null&amp#27;[0m
]]></system-out>
  </testcase>
  <testcase name="6 #Verifying News Articles cards by scrolling and clicking #1" classname="EDGE Home Scren" time="0.01">
    <error message="The step &quot;User is at EDGE Home Screen from Onboarding&quot; is undefined. You can implement it using the snippet(s) below:&#10;&#10;@Given(&quot;User is at EDGE Home Screen from Onboarding&quot;)&#10;public void user_is_at_edge_home_screen_from_onboarding() {&#10;    // Write code here that turns the phrase above into concrete actions&#10;    throw new io.cucumber.java.PendingException();&#10;}&#10;&#10;&#10;Some other steps were also undefined:&#10;&#10;@When(&quot;User scrolls down to the News Articles cards&quot;)&#10;public void user_scrolls_down_to_the_news_articles_cards() {&#10;    // Write code here that turns the phrase above into concrete actions&#10;    throw new io.cucumber.java.PendingException();&#10;}&#10;@When(&quot;User taps on {string} card&quot;)&#10;public void user_taps_on_card(String string) {&#10;    // Write code here that turns the phrase above into concrete actions&#10;    throw new io.cucumber.java.PendingException();&#10;}&#10;@Then(&quot;Verify user is redirected to the news article web&quot;)&#10;public void verify_user_is_redirected_to_the_news_article_web() {&#10;    // Write code here that turns the phrase above into concrete actions&#10;    throw new io.cucumber.java.PendingException();&#10;}&#10;@When(&quot;User taps device back button on news article screen&quot;)&#10;public void user_taps_device_back_button_on_news_article_screen() {&#10;    // Write code here that turns the phrase above into concrete actions&#10;    throw new io.cucumber.java.PendingException();&#10;}&#10;@Then(&quot;Verify user is navigated back to Edge Home screen&quot;)&#10;public void verify_user_is_navigated_back_to_edge_home_screen() {&#10;    // Write code here that turns the phrase above into concrete actions&#10;    throw new io.cucumber.java.PendingException();&#10;}&#10;" type="io.cucumber.junit.UndefinedStepException">io.cucumber.junit.UndefinedStepException: 
The step "User is at EDGE Home Screen from Onboarding" is undefined. You can implement it using the snippet(s) below:

@Given("User is at EDGE Home Screen from Onboarding")
public void user_is_at_edge_home_screen_from_onboarding() {
    // Write code here that turns the phrase above into concrete actions
    throw new io.cucumber.java.PendingException();
}


Some other steps were also undefined:

@When("User scrolls down to the News Articles cards")
public void user_scrolls_down_to_the_news_articles_cards() {
    // Write code here that turns the phrase above into concrete actions
    throw new io.cucumber.java.PendingException();
}
@When("User taps on {string} card")
public void user_taps_on_card(String string) {
    // Write code here that turns the phrase above into concrete actions
    throw new io.cucumber.java.PendingException();
}
@Then("Verify user is redirected to the news article web")
public void verify_user_is_redirected_to_the_news_article_web() {
    // Write code here that turns the phrase above into concrete actions
    throw new io.cucumber.java.PendingException();
}
@When("User taps device back button on news article screen")
public void user_taps_device_back_button_on_news_article_screen() {
    // Write code here that turns the phrase above into concrete actions
    throw new io.cucumber.java.PendingException();
}
@Then("Verify user is navigated back to Edge Home screen")
public void verify_user_is_navigated_back_to_edge_home_screen() {
    // Write code here that turns the phrase above into concrete actions
    throw new io.cucumber.java.PendingException();
}

</error>
    <system-out><![CDATA[
@Edge @Regression
Scenario Outline: 6 #Verifying News Articles cards by scrolling and clicking &amp#27;[90m# src/test/resources/Features/Edge_Home_Screen.feature:79&amp#27;[0m
  &amp#27;[33mGiven &amp#27;[0m&amp#27;[33mUser is at EDGE Home Screen from Onboarding&amp#27;[0m                          &amp#27;[90m# null&amp#27;[0m
  &amp#27;[36mWhen &amp#27;[0m&amp#27;[36mUser scrolls down to the News Articles cards&amp#27;[0m                          &amp#27;[90m# null&amp#27;[0m
  &amp#27;[36mAnd &amp#27;[0m&amp#27;[36mUser taps on "0" card&amp#27;[0m                                                  &amp#27;[90m# null&amp#27;[0m
  &amp#27;[36mThen &amp#27;[0m&amp#27;[36mVerify user is redirected to the news article web&amp#27;[0m                     &amp#27;[90m# null&amp#27;[0m
  &amp#27;[36mWhen &amp#27;[0m&amp#27;[36mUser taps device back button on news article screen&amp#27;[0m                   &amp#27;[90m# null&amp#27;[0m
  &amp#27;[36mThen &amp#27;[0m&amp#27;[36mVerify user is navigated back to Edge Home screen&amp#27;[0m                     &amp#27;[90m# null&amp#27;[0m
]]></system-out>
  </testcase>
  <testcase name="6 #Verifying News Articles cards by scrolling and clicking #2" classname="EDGE Home Scren" time="0.009">
    <error message="The step &quot;User is at EDGE Home Screen from Onboarding&quot; is undefined. You can implement it using the snippet(s) below:&#10;&#10;@Given(&quot;User is at EDGE Home Screen from Onboarding&quot;)&#10;public void user_is_at_edge_home_screen_from_onboarding() {&#10;    // Write code here that turns the phrase above into concrete actions&#10;    throw new io.cucumber.java.PendingException();&#10;}&#10;&#10;&#10;Some other steps were also undefined:&#10;&#10;@When(&quot;User scrolls down to the News Articles cards&quot;)&#10;public void user_scrolls_down_to_the_news_articles_cards() {&#10;    // Write code here that turns the phrase above into concrete actions&#10;    throw new io.cucumber.java.PendingException();&#10;}&#10;@When(&quot;User taps on {string} card&quot;)&#10;public void user_taps_on_card(String string) {&#10;    // Write code here that turns the phrase above into concrete actions&#10;    throw new io.cucumber.java.PendingException();&#10;}&#10;@Then(&quot;Verify user is redirected to the news article web&quot;)&#10;public void verify_user_is_redirected_to_the_news_article_web() {&#10;    // Write code here that turns the phrase above into concrete actions&#10;    throw new io.cucumber.java.PendingException();&#10;}&#10;@When(&quot;User taps device back button on news article screen&quot;)&#10;public void user_taps_device_back_button_on_news_article_screen() {&#10;    // Write code here that turns the phrase above into concrete actions&#10;    throw new io.cucumber.java.PendingException();&#10;}&#10;@Then(&quot;Verify user is navigated back to Edge Home screen&quot;)&#10;public void verify_user_is_navigated_back_to_edge_home_screen() {&#10;    // Write code here that turns the phrase above into concrete actions&#10;    throw new io.cucumber.java.PendingException();&#10;}&#10;" type="io.cucumber.junit.UndefinedStepException">io.cucumber.junit.UndefinedStepException: 
The step "User is at EDGE Home Screen from Onboarding" is undefined. You can implement it using the snippet(s) below:

@Given("User is at EDGE Home Screen from Onboarding")
public void user_is_at_edge_home_screen_from_onboarding() {
    // Write code here that turns the phrase above into concrete actions
    throw new io.cucumber.java.PendingException();
}


Some other steps were also undefined:

@When("User scrolls down to the News Articles cards")
public void user_scrolls_down_to_the_news_articles_cards() {
    // Write code here that turns the phrase above into concrete actions
    throw new io.cucumber.java.PendingException();
}
@When("User taps on {string} card")
public void user_taps_on_card(String string) {
    // Write code here that turns the phrase above into concrete actions
    throw new io.cucumber.java.PendingException();
}
@Then("Verify user is redirected to the news article web")
public void verify_user_is_redirected_to_the_news_article_web() {
    // Write code here that turns the phrase above into concrete actions
    throw new io.cucumber.java.PendingException();
}
@When("User taps device back button on news article screen")
public void user_taps_device_back_button_on_news_article_screen() {
    // Write code here that turns the phrase above into concrete actions
    throw new io.cucumber.java.PendingException();
}
@Then("Verify user is navigated back to Edge Home screen")
public void verify_user_is_navigated_back_to_edge_home_screen() {
    // Write code here that turns the phrase above into concrete actions
    throw new io.cucumber.java.PendingException();
}

</error>
    <system-out><![CDATA[
@Edge @Regression
Scenario Outline: 6 #Verifying News Articles cards by scrolling and clicking &amp#27;[90m# src/test/resources/Features/Edge_Home_Screen.feature:80&amp#27;[0m
  &amp#27;[33mGiven &amp#27;[0m&amp#27;[33mUser is at EDGE Home Screen from Onboarding&amp#27;[0m                          &amp#27;[90m# null&amp#27;[0m
  &amp#27;[36mWhen &amp#27;[0m&amp#27;[36mUser scrolls down to the News Articles cards&amp#27;[0m                          &amp#27;[90m# null&amp#27;[0m
  &amp#27;[36mAnd &amp#27;[0m&amp#27;[36mUser taps on "1" card&amp#27;[0m                                                  &amp#27;[90m# null&amp#27;[0m
  &amp#27;[36mThen &amp#27;[0m&amp#27;[36mVerify user is redirected to the news article web&amp#27;[0m                     &amp#27;[90m# null&amp#27;[0m
  &amp#27;[36mWhen &amp#27;[0m&amp#27;[36mUser taps device back button on news article screen&amp#27;[0m                   &amp#27;[90m# null&amp#27;[0m
  &amp#27;[36mThen &amp#27;[0m&amp#27;[36mVerify user is navigated back to Edge Home screen&amp#27;[0m                     &amp#27;[90m# null&amp#27;[0m
]]></system-out>
  </testcase>
  <testcase name="6 #Verifying News Articles cards by scrolling and clicking #3" classname="EDGE Home Scren" time="0.01">
    <error message="The step &quot;User is at EDGE Home Screen from Onboarding&quot; is undefined. You can implement it using the snippet(s) below:&#10;&#10;@Given(&quot;User is at EDGE Home Screen from Onboarding&quot;)&#10;public void user_is_at_edge_home_screen_from_onboarding() {&#10;    // Write code here that turns the phrase above into concrete actions&#10;    throw new io.cucumber.java.PendingException();&#10;}&#10;&#10;&#10;Some other steps were also undefined:&#10;&#10;@When(&quot;User scrolls down to the News Articles cards&quot;)&#10;public void user_scrolls_down_to_the_news_articles_cards() {&#10;    // Write code here that turns the phrase above into concrete actions&#10;    throw new io.cucumber.java.PendingException();&#10;}&#10;@When(&quot;User taps on {string} card&quot;)&#10;public void user_taps_on_card(String string) {&#10;    // Write code here that turns the phrase above into concrete actions&#10;    throw new io.cucumber.java.PendingException();&#10;}&#10;@Then(&quot;Verify user is redirected to the news article web&quot;)&#10;public void verify_user_is_redirected_to_the_news_article_web() {&#10;    // Write code here that turns the phrase above into concrete actions&#10;    throw new io.cucumber.java.PendingException();&#10;}&#10;@When(&quot;User taps device back button on news article screen&quot;)&#10;public void user_taps_device_back_button_on_news_article_screen() {&#10;    // Write code here that turns the phrase above into concrete actions&#10;    throw new io.cucumber.java.PendingException();&#10;}&#10;@Then(&quot;Verify user is navigated back to Edge Home screen&quot;)&#10;public void verify_user_is_navigated_back_to_edge_home_screen() {&#10;    // Write code here that turns the phrase above into concrete actions&#10;    throw new io.cucumber.java.PendingException();&#10;}&#10;" type="io.cucumber.junit.UndefinedStepException">io.cucumber.junit.UndefinedStepException: 
The step "User is at EDGE Home Screen from Onboarding" is undefined. You can implement it using the snippet(s) below:

@Given("User is at EDGE Home Screen from Onboarding")
public void user_is_at_edge_home_screen_from_onboarding() {
    // Write code here that turns the phrase above into concrete actions
    throw new io.cucumber.java.PendingException();
}


Some other steps were also undefined:

@When("User scrolls down to the News Articles cards")
public void user_scrolls_down_to_the_news_articles_cards() {
    // Write code here that turns the phrase above into concrete actions
    throw new io.cucumber.java.PendingException();
}
@When("User taps on {string} card")
public void user_taps_on_card(String string) {
    // Write code here that turns the phrase above into concrete actions
    throw new io.cucumber.java.PendingException();
}
@Then("Verify user is redirected to the news article web")
public void verify_user_is_redirected_to_the_news_article_web() {
    // Write code here that turns the phrase above into concrete actions
    throw new io.cucumber.java.PendingException();
}
@When("User taps device back button on news article screen")
public void user_taps_device_back_button_on_news_article_screen() {
    // Write code here that turns the phrase above into concrete actions
    throw new io.cucumber.java.PendingException();
}
@Then("Verify user is navigated back to Edge Home screen")
public void verify_user_is_navigated_back_to_edge_home_screen() {
    // Write code here that turns the phrase above into concrete actions
    throw new io.cucumber.java.PendingException();
}

</error>
    <system-out><![CDATA[
@Edge @Regression
Scenario Outline: 6 #Verifying News Articles cards by scrolling and clicking &amp#27;[90m# src/test/resources/Features/Edge_Home_Screen.feature:81&amp#27;[0m
  &amp#27;[33mGiven &amp#27;[0m&amp#27;[33mUser is at EDGE Home Screen from Onboarding&amp#27;[0m                          &amp#27;[90m# null&amp#27;[0m
  &amp#27;[36mWhen &amp#27;[0m&amp#27;[36mUser scrolls down to the News Articles cards&amp#27;[0m                          &amp#27;[90m# null&amp#27;[0m
  &amp#27;[36mAnd &amp#27;[0m&amp#27;[36mUser taps on "2" card&amp#27;[0m                                                  &amp#27;[90m# null&amp#27;[0m
  &amp#27;[36mThen &amp#27;[0m&amp#27;[36mVerify user is redirected to the news article web&amp#27;[0m                     &amp#27;[90m# null&amp#27;[0m
  &amp#27;[36mWhen &amp#27;[0m&amp#27;[36mUser taps device back button on news article screen&amp#27;[0m                   &amp#27;[90m# null&amp#27;[0m
  &amp#27;[36mThen &amp#27;[0m&amp#27;[36mVerify user is navigated back to Edge Home screen&amp#27;[0m                     &amp#27;[90m# null&amp#27;[0m
]]></system-out>
  </testcase>
  <testcase name="6 #Verifying News Articles cards by scrolling and clicking #4" classname="EDGE Home Scren" time="0.013">
    <error message="The step &quot;User is at EDGE Home Screen from Onboarding&quot; is undefined. You can implement it using the snippet(s) below:&#10;&#10;@Given(&quot;User is at EDGE Home Screen from Onboarding&quot;)&#10;public void user_is_at_edge_home_screen_from_onboarding() {&#10;    // Write code here that turns the phrase above into concrete actions&#10;    throw new io.cucumber.java.PendingException();&#10;}&#10;&#10;&#10;Some other steps were also undefined:&#10;&#10;@When(&quot;User scrolls down to the News Articles cards&quot;)&#10;public void user_scrolls_down_to_the_news_articles_cards() {&#10;    // Write code here that turns the phrase above into concrete actions&#10;    throw new io.cucumber.java.PendingException();&#10;}&#10;@When(&quot;User taps on {string} card&quot;)&#10;public void user_taps_on_card(String string) {&#10;    // Write code here that turns the phrase above into concrete actions&#10;    throw new io.cucumber.java.PendingException();&#10;}&#10;@Then(&quot;Verify user is redirected to the news article web&quot;)&#10;public void verify_user_is_redirected_to_the_news_article_web() {&#10;    // Write code here that turns the phrase above into concrete actions&#10;    throw new io.cucumber.java.PendingException();&#10;}&#10;@When(&quot;User taps device back button on news article screen&quot;)&#10;public void user_taps_device_back_button_on_news_article_screen() {&#10;    // Write code here that turns the phrase above into concrete actions&#10;    throw new io.cucumber.java.PendingException();&#10;}&#10;@Then(&quot;Verify user is navigated back to Edge Home screen&quot;)&#10;public void verify_user_is_navigated_back_to_edge_home_screen() {&#10;    // Write code here that turns the phrase above into concrete actions&#10;    throw new io.cucumber.java.PendingException();&#10;}&#10;" type="io.cucumber.junit.UndefinedStepException">io.cucumber.junit.UndefinedStepException: 
The step "User is at EDGE Home Screen from Onboarding" is undefined. You can implement it using the snippet(s) below:

@Given("User is at EDGE Home Screen from Onboarding")
public void user_is_at_edge_home_screen_from_onboarding() {
    // Write code here that turns the phrase above into concrete actions
    throw new io.cucumber.java.PendingException();
}


Some other steps were also undefined:

@When("User scrolls down to the News Articles cards")
public void user_scrolls_down_to_the_news_articles_cards() {
    // Write code here that turns the phrase above into concrete actions
    throw new io.cucumber.java.PendingException();
}
@When("User taps on {string} card")
public void user_taps_on_card(String string) {
    // Write code here that turns the phrase above into concrete actions
    throw new io.cucumber.java.PendingException();
}
@Then("Verify user is redirected to the news article web")
public void verify_user_is_redirected_to_the_news_article_web() {
    // Write code here that turns the phrase above into concrete actions
    throw new io.cucumber.java.PendingException();
}
@When("User taps device back button on news article screen")
public void user_taps_device_back_button_on_news_article_screen() {
    // Write code here that turns the phrase above into concrete actions
    throw new io.cucumber.java.PendingException();
}
@Then("Verify user is navigated back to Edge Home screen")
public void verify_user_is_navigated_back_to_edge_home_screen() {
    // Write code here that turns the phrase above into concrete actions
    throw new io.cucumber.java.PendingException();
}

</error>
    <system-out><![CDATA[
@Edge @Regression
Scenario Outline: 6 #Verifying News Articles cards by scrolling and clicking &amp#27;[90m# src/test/resources/Features/Edge_Home_Screen.feature:82&amp#27;[0m
  &amp#27;[33mGiven &amp#27;[0m&amp#27;[33mUser is at EDGE Home Screen from Onboarding&amp#27;[0m                          &amp#27;[90m# null&amp#27;[0m
  &amp#27;[36mWhen &amp#27;[0m&amp#27;[36mUser scrolls down to the News Articles cards&amp#27;[0m                          &amp#27;[90m# null&amp#27;[0m
  &amp#27;[36mAnd &amp#27;[0m&amp#27;[36mUser taps on "3" card&amp#27;[0m                                                  &amp#27;[90m# null&amp#27;[0m
  &amp#27;[36mThen &amp#27;[0m&amp#27;[36mVerify user is redirected to the news article web&amp#27;[0m                     &amp#27;[90m# null&amp#27;[0m
  &amp#27;[36mWhen &amp#27;[0m&amp#27;[36mUser taps device back button on news article screen&amp#27;[0m                   &amp#27;[90m# null&amp#27;[0m
  &amp#27;[36mThen &amp#27;[0m&amp#27;[36mVerify user is navigated back to Edge Home screen&amp#27;[0m                     &amp#27;[90m# null&amp#27;[0m
]]></system-out>
  </testcase>
  <testcase name="6 #Verifying News Articles cards by scrolling and clicking #5" classname="EDGE Home Scren" time="0.007">
    <error message="The step &quot;User is at EDGE Home Screen from Onboarding&quot; is undefined. You can implement it using the snippet(s) below:&#10;&#10;@Given(&quot;User is at EDGE Home Screen from Onboarding&quot;)&#10;public void user_is_at_edge_home_screen_from_onboarding() {&#10;    // Write code here that turns the phrase above into concrete actions&#10;    throw new io.cucumber.java.PendingException();&#10;}&#10;&#10;&#10;Some other steps were also undefined:&#10;&#10;@When(&quot;User scrolls down to the News Articles cards&quot;)&#10;public void user_scrolls_down_to_the_news_articles_cards() {&#10;    // Write code here that turns the phrase above into concrete actions&#10;    throw new io.cucumber.java.PendingException();&#10;}&#10;@When(&quot;User taps on {string} card&quot;)&#10;public void user_taps_on_card(String string) {&#10;    // Write code here that turns the phrase above into concrete actions&#10;    throw new io.cucumber.java.PendingException();&#10;}&#10;@Then(&quot;Verify user is redirected to the news article web&quot;)&#10;public void verify_user_is_redirected_to_the_news_article_web() {&#10;    // Write code here that turns the phrase above into concrete actions&#10;    throw new io.cucumber.java.PendingException();&#10;}&#10;@When(&quot;User taps device back button on news article screen&quot;)&#10;public void user_taps_device_back_button_on_news_article_screen() {&#10;    // Write code here that turns the phrase above into concrete actions&#10;    throw new io.cucumber.java.PendingException();&#10;}&#10;@Then(&quot;Verify user is navigated back to Edge Home screen&quot;)&#10;public void verify_user_is_navigated_back_to_edge_home_screen() {&#10;    // Write code here that turns the phrase above into concrete actions&#10;    throw new io.cucumber.java.PendingException();&#10;}&#10;" type="io.cucumber.junit.UndefinedStepException">io.cucumber.junit.UndefinedStepException: 
The step "User is at EDGE Home Screen from Onboarding" is undefined. You can implement it using the snippet(s) below:

@Given("User is at EDGE Home Screen from Onboarding")
public void user_is_at_edge_home_screen_from_onboarding() {
    // Write code here that turns the phrase above into concrete actions
    throw new io.cucumber.java.PendingException();
}


Some other steps were also undefined:

@When("User scrolls down to the News Articles cards")
public void user_scrolls_down_to_the_news_articles_cards() {
    // Write code here that turns the phrase above into concrete actions
    throw new io.cucumber.java.PendingException();
}
@When("User taps on {string} card")
public void user_taps_on_card(String string) {
    // Write code here that turns the phrase above into concrete actions
    throw new io.cucumber.java.PendingException();
}
@Then("Verify user is redirected to the news article web")
public void verify_user_is_redirected_to_the_news_article_web() {
    // Write code here that turns the phrase above into concrete actions
    throw new io.cucumber.java.PendingException();
}
@When("User taps device back button on news article screen")
public void user_taps_device_back_button_on_news_article_screen() {
    // Write code here that turns the phrase above into concrete actions
    throw new io.cucumber.java.PendingException();
}
@Then("Verify user is navigated back to Edge Home screen")
public void verify_user_is_navigated_back_to_edge_home_screen() {
    // Write code here that turns the phrase above into concrete actions
    throw new io.cucumber.java.PendingException();
}

</error>
    <system-out><![CDATA[
@Edge @Regression
Scenario Outline: 6 #Verifying News Articles cards by scrolling and clicking &amp#27;[90m# src/test/resources/Features/Edge_Home_Screen.feature:83&amp#27;[0m
  &amp#27;[33mGiven &amp#27;[0m&amp#27;[33mUser is at EDGE Home Screen from Onboarding&amp#27;[0m                          &amp#27;[90m# null&amp#27;[0m
  &amp#27;[36mWhen &amp#27;[0m&amp#27;[36mUser scrolls down to the News Articles cards&amp#27;[0m                          &amp#27;[90m# null&amp#27;[0m
  &amp#27;[36mAnd &amp#27;[0m&amp#27;[36mUser taps on "4" card&amp#27;[0m                                                  &amp#27;[90m# null&amp#27;[0m
  &amp#27;[36mThen &amp#27;[0m&amp#27;[36mVerify user is redirected to the news article web&amp#27;[0m                     &amp#27;[90m# null&amp#27;[0m
  &amp#27;[36mWhen &amp#27;[0m&amp#27;[36mUser taps device back button on news article screen&amp#27;[0m                   &amp#27;[90m# null&amp#27;[0m
[...]
The step "User is at Refer & Earn Passbook screen" is undefined. You can implement it using the snippet(s) below:

@Given("User is at Refer & Earn Passbook screen")
public void user_is_at_refer_earn_passbook_screen() {
    // Write code here that turns the phrase above into concrete actions
    throw new io.cucumber.java.PendingException();
}


Some other steps were also undefined:

@When("User taps on \\(Earns coins now) button")
public void user_taps_on_earns_coins_now_button() {
    // Write code here that turns the phrase above into concrete actions
    throw new io.cucumber.java.PendingException();
}
@Then("Verify user gets redirected to Whatsapp")
public void verify_user_gets_redirected_to_whatsapp() {
    // Write code here that turns the phrase above into concrete actions
    throw new io.cucumber.java.PendingException();
}
@When("User taps on \\(Refer Now)")
public void user_taps_on_refer_now() {
    // Write code here that turns the phrase above into concrete actions
    throw new io.cucumber.java.PendingException();
}
@Then("Verify Coin Balance which should be zero")
public void verify_coin_balance_which_should_be_zero() {
    // Write code here that turns the phrase above into concrete actions
    throw new io.cucumber.java.PendingException();
}
@Then("Verify back button of Refer & Earn Passbook screen")
public void verify_back_button_of_refer_earn_passbook_screen() {
    // Write code here that turns the phrase above into concrete actions
    throw new io.cucumber.java.PendingException();
}

]]></error>
    <system-out><![CDATA[
@Regression @SmokeTest
Scenario: 2# Verifying Refer & Earn Passbook screen for user with 0 Coin &amp#27;[90m# src/test/resources/Features/Refer_&_Earn_Module.feature:26&amp#27;[0m
  &amp#27;[33mGiven &amp#27;[0m&amp#27;[33mUser is at Refer & Earn Passbook screen&amp#27;[0m                          &amp#27;[90m# null&amp#27;[0m
  &amp#27;[36mWhen &amp#27;[0m&amp#27;[36mUser taps on (Earns coins now) button&amp#27;[0m                             &amp#27;[90m# null&amp#27;[0m
  &amp#27;[36mThen &amp#27;[0m&amp#27;[36mVerify user gets redirected to Whatsapp&amp#27;[0m                           &amp#27;[90m# null&amp#27;[0m
  &amp#27;[36mWhen &amp#27;[0m&amp#27;[36mUser taps on (Refer Now)&amp#27;[0m                                          &amp#27;[90m# null&amp#27;[0m
  &amp#27;[36mThen &amp#27;[0m&amp#27;[36mVerify user gets redirected to Whatsapp&amp#27;[0m                           &amp#27;[90m# null&amp#27;[0m
  &amp#27;[36mAnd &amp#27;[0m&amp#27;[36mVerify Coin Balance which should be zero&amp#27;[0m                           &amp#27;[90m# null&amp#27;[0m
  &amp#27;[36mAnd &amp#27;[0m&amp#27;[36mVerify back button of Refer & Earn Passbook screen&amp#27;[0m                 &amp#27;[90m# null&amp#27;[0m
]]></system-out>
  </testcase>
  <testcase name="3# Verifying Refer &amp; Earn Passbook screen for user with some Coin(s)" classname="Refer and Earn section of PayRent module" time="0.005">
    <error message="The step &quot;User is at Refer &amp; Earn Passbook screen with some Coins&quot; is undefined. You can implement it using the snippet(s) below:&#10;&#10;@Given(&quot;User is at Refer &amp; Earn Passbook screen with some Coins&quot;)&#10;public void user_is_at_refer_earn_passbook_screen_with_some_coins() {&#10;    // Write code here that turns the phrase above into concrete actions&#10;    throw new io.cucumber.java.PendingException();&#10;}&#10;&#10;&#10;Some other steps were also undefined:&#10;&#10;@When(&quot;User taps on \\(Earns coins now) button&quot;)&#10;public void user_taps_on_earns_coins_now_button() {&#10;    // Write code here that turns the phrase above into concrete actions&#10;    throw new io.cucumber.java.PendingException();&#10;}&#10;@Then(&quot;Verify user gets redirected to Whatsapp&quot;)&#10;public void verify_user_gets_redirected_to_whatsapp() {&#10;    // Write code here that turns the phrase above into concrete actions&#10;    throw new io.cucumber.java.PendingException();&#10;}&#10;@Then(&quot;Verify Coin Balance which should not be zero&quot;)&#10;public void verify_coin_balance_which_should_not_be_zero() {&#10;    // Write code here that turns the phrase above into concrete actions&#10;    throw new io.cucumber.java.PendingException();&#10;}&#10;@Then(&quot;Verify back button of Refer &amp; Earn Passbook screen&quot;)&#10;public void verify_back_button_of_refer_earn_passbook_screen() {&#10;    // Write code here that turns the phrase above into concrete actions&#10;    throw new io.cucumber.java.PendingException();&#10;}&#10;" type="io.cucumber.junit.UndefinedStepException"><![CDATA[io.cucumber.junit.UndefinedStepException: 
The step "User is at Refer & Earn Passbook screen with some Coins" is undefined. You can implement it using the snippet(s) below:

@Given("User is at Refer & Earn Passbook screen with some Coins")
public void user_is_at_refer_earn_passbook_screen_with_some_coins() {
    // Write code here that turns the phrase above into concrete actions
    throw new io.cucumber.java.PendingException();
}


Some other steps were also undefined:

@When("User taps on \\(Earns coins now) button")
public void user_taps_on_earns_coins_now_button() {
    // Write code here that turns the phrase above into concrete actions
    throw new io.cucumber.java.PendingException();
}
@Then("Verify user gets redirected to Whatsapp")
public void verify_user_gets_redirected_to_whatsapp() {
    // Write code here that turns the phrase above into concrete actions
    throw new io.cucumber.java.PendingException();
}
@Then("Verify Coin Balance which should not be zero")
public void verify_coin_balance_which_should_not_be_zero() {
    // Write code here that turns the phrase above into concrete actions
    throw new io.cucumber.java.PendingException();
}
@Then("Verify back button of Refer & Earn Passbook screen")
public void verify_back_button_of_refer_earn_passbook_screen() {
    // Write code here that turns the phrase above into concrete actions
    throw new io.cucumber.java.PendingException();
}

]]></error>
    <system-out><![CDATA[
@Regression @SmokeTest
Scenario: 3# Verifying Refer & Earn Passbook screen for user with some Coin(s) &amp#27;[90m# src/test/resources/Features/Refer_&_Earn_Module.feature:38&amp#27;[0m
  &amp#27;[33mGiven &amp#27;[0m&amp#27;[33mUser is at Refer & Earn Passbook screen with some Coins&amp#27;[0m                &amp#27;[90m# null&amp#27;[0m
  &amp#27;[36mWhen &amp#27;[0m&amp#27;[36mUser taps on (Earns coins now) button&amp#27;[0m                                   &amp#27;[90m# null&amp#27;[0m
  &amp#27;[36mThen &amp#27;[0m&amp#27;[36mVerify user gets redirected to Whatsapp&amp#27;[0m                                 &amp#27;[90m# null&amp#27;[0m
  &amp#27;[36mThen &amp#27;[0m&amp#27;[36mVerify Coin Balance which should not be zero&amp#27;[0m                            &amp#27;[90m# null&amp#27;[0m
  &amp#27;[36mAnd &amp#27;[0m&amp#27;[36mVerify back button of Refer & Earn Passbook screen&amp#27;[0m                       &amp#27;[90m# null&amp#27;[0m
]]></system-out>
  </testcase>
  <testcase name="4# Verifying My Rewards screen" classname="Refer and Earn section of PayRent module" time="0.002">
    <error message="The step &quot;User is at Pay Rent Home Screen&quot; is undefined. You can implement it using the snippet(s) below:&#10;&#10;@Given(&quot;User is at Pay Rent Home Screen&quot;)&#10;public void user_is_at_pay_rent_home_screen() {&#10;    // Write code here that turns the phrase above into concrete actions&#10;    throw new io.cucumber.java.PendingException();&#10;}&#10;&#10;&#10;Some other steps were also undefined:&#10;&#10;@When(&quot;User clicks on \\(How to redeem) link&quot;)&#10;public void user_clicks_on_how_to_redeem_link() {&#10;    // Write code here that turns the phrase above into concrete actions&#10;    throw new io.cucumber.java.PendingException();&#10;}&#10;@Then(&quot;Verify toast message&quot;)&#10;public void verify_toast_message() {&#10;    // Write code here that turns the phrase above into concrete actions&#10;    throw new io.cucumber.java.PendingException();&#10;}&#10;@Then(&quot;Verify Coupon Description pop-up&quot;)&#10;public void verify_coupon_description_pop_up() {&#10;    // Write code here that turns the phrase above into concrete actions&#10;    throw new io.cucumber.java.PendingException();&#10;}&#10;@Then(&quot;Verify User can dismiss the pop-up&quot;)&#10;public void verify_user_can_dismiss_the_pop_up() {&#10;    // Write code here that turns the phrase above into concrete actions&#10;    throw new io.cucumber.java.PendingException();&#10;}&#10;@When(&quot;User taps on \\(See all my rewards) link&quot;)&#10;public void user_taps_on_see_all_my_rewards_link() {&#10;    // Write code here that turns the phrase above into concrete actions&#10;    throw new io.cucumber.java.PendingException();&#10;}&#10;@Then(&quot;Verify user is redirected to \\(My Rewards) screen&quot;)&#10;public void verify_user_is_redirected_to_my_rewards_screen() {&#10;    // Write code here that turns the phrase above into concrete actions&#10;    throw new io.cucumber.java.PendingException();&#10;}&#10;@Then(&quot;Verify \\(My Rewards) screen is scrollable&quot;)&#10;public void verify_my_rewards_screen_is_scrollable() {&#10;    // Write code here that turns the phrase above into concrete actions&#10;    throw new io.cucumber.java.PendingException();&#10;}&#10;@Then(&quot;Verify back button of \\(My Rewards) screen&quot;)&#10;public void verify_back_button_of_my_rewards_screen() {&#10;    // Write code here that turns the phrase above into concrete actions&#10;    throw new io.cucumber.java.PendingException();&#10;}&#10;" type="io.cucumber.junit.UndefinedStepException">io.cucumber.junit.UndefinedStepException: 
The step "User is at Pay Rent Home Screen" is undefined. You can implement it using the snippet(s) below:

@Given("User is at Pay Rent Home Screen")
public void user_is_at_pay_rent_home_screen() {
    // Write code here that turns the phrase above into concrete actions
    throw new io.cucumber.java.PendingException();
}


Some other steps were also undefined:

@When("User clicks on \\(How to redeem) link")
public void user_clicks_on_how_to_redeem_link() {
    // Write code here that turns the phrase above into concrete actions
    throw new io.cucumber.java.PendingException();
}
@Then("Verify toast message")
public void verify_toast_message() {
    // Write code here that turns the phrase above into concrete actions
    throw new io.cucumber.java.PendingException();
}
@Then("Verify Coupon Description pop-up")
public void verify_coupon_description_pop_up() {
    // Write code here that turns the phrase above into concrete actions
    throw new io.cucumber.java.PendingException();
}
@Then("Verify User can dismiss the pop-up")
public void verify_user_can_dismiss_the_pop_up() {
    // Write code here that turns the phrase above into concrete actions
    throw new io.cucumber.java.PendingException();
}
@When("User taps on \\(See all my rewards) link")
public void user_taps_on_see_all_my_rewards_link() {
    // Write code here that turns the phrase above into concrete actions
    throw new io.cucumber.java.PendingException();
}
@Then("Verify user is redirected to \\(My Rewards) screen")
public void verify_user_is_redirected_to_my_rewards_screen() {
    // Write code here that turns the phrase above into concrete actions
    throw new io.cucumber.java.PendingException();
}
@Then("Verify \\(My Rewards) screen is scrollable")
public void verify_my_rewards_screen_is_scrollable() {
    // Write code here that turns the phrase above into concrete actions
    throw new io.cucumber.java.PendingException();
}
@Then("Verify back button of \\(My Rewards) screen")
public void verify_back_button_of_my_rewards_screen() {
    // Write code here that turns the phrase above into concrete actions
    throw new io.cucumber.java.PendingException();
}

</error>
    <system-out><![CDATA[
@Regression @SmokeTest
Scenario: 4# Verifying My Rewards screen                &amp#27;[90m# src/test/resources/Features/Refer_&_Earn_Module.feature:48&amp#27;[0m
  &amp#27;[33mGiven &amp#27;[0m&amp#27;[33mUser is at Pay Rent Home Screen&amp#27;[0m                 &amp#27;[90m# null&amp#27;[0m
  &amp#27;[36mWhen &amp#27;[0m&amp#27;[36mUser clicks on (How to redeem) link&amp#27;[0m              &amp#27;[90m# null&amp#27;[0m
  &amp#27;[36mThen &amp#27;[0m&amp#27;[36mVerify toast message&amp#27;[0m                             &amp#27;[90m# null&amp#27;[0m
  &amp#27;[36mAnd &amp#27;[0m&amp#27;[36mVerify Coupon Description pop-up&amp#27;[0m                  &amp#27;[90m# null&amp#27;[0m
  &amp#27;[36mThen &amp#27;[0m&amp#27;[36mVerify User can dismiss the pop-up&amp#27;[0m               &amp#27;[90m# null&amp#27;[0m
  &amp#27;[36mWhen &amp#27;[0m&amp#27;[36mUser taps on (See all my rewards) link&amp#27;[0m           &amp#27;[90m# null&amp#27;[0m
  &amp#27;[36mThen &amp#27;[0m&amp#27;[36mVerify user is redirected to (My Rewards) screen&amp#27;[0m &amp#27;[90m# null&amp#27;[0m
  &amp#27;[36mAnd &amp#27;[0m&amp#27;[36mVerify (My Rewards) screen is scrollable&amp#27;[0m          &amp#27;[90m# null&amp#27;[0m
  &amp#27;[36mAnd &amp#27;[0m&amp#27;[36mVerify back button of (My Rewards) screen&amp#27;[0m         &amp#27;[90m# null&amp#27;[0m
]]></system-out>
  </testcase>
  <testcase name="5# Verifying Coin usage during checkout" classname="Refer and Earn section of PayRent module" time="0.003">
    <error message="The step &quot;User is at Pay Rent Home Screen&quot; is undefined. You can implement it using the snippet(s) below:&#10;&#10;@Given(&quot;User is at Pay Rent Home Screen&quot;)&#10;public void user_is_at_pay_rent_home_screen() {&#10;    // Write code here that turns the phrase above into concrete actions&#10;    throw new io.cucumber.java.PendingException();&#10;}&#10;&#10;&#10;Some other steps were also undefined:&#10;&#10;@Given(&quot;User clicks on \\(Pay Again) button&quot;)&#10;public void user_clicks_on_pay_again_button() {&#10;    // Write code here that turns the phrase above into concrete actions&#10;    throw new io.cucumber.java.PendingException();&#10;}&#10;@When(&quot;User selects checkbox to use coin for Card Payment&quot;)&#10;public void user_selects_checkbox_to_use_coin_for_card_payment() {&#10;    // Write code here that turns the phrase above into concrete actions&#10;    throw new io.cucumber.java.PendingException();&#10;}&#10;@Then(&quot;Verify Coins count should be decreased by one&quot;)&#10;public void verify_coins_count_should_be_decreased_by_one() {&#10;    // Write code here that turns the phrase above into concrete actions&#10;    throw new io.cucumber.java.PendingException();&#10;}&#10;@Then(&quot;Verify total amount should be decreased&quot;)&#10;public void verify_total_amount_should_be_decreased() {&#10;    // Write code here that turns the phrase above into concrete actions&#10;    throw new io.cucumber.java.PendingException();&#10;}&#10;@Then(&quot;Verify \\(Congrats!) message on selecting checkbox&quot;)&#10;public void verify_congrats_message_on_selecting_checkbox() {&#10;    // Write code here that turns the phrase above into concrete actions&#10;    throw new io.cucumber.java.PendingException();&#10;}&#10;@Then(&quot;Verify \\(Housing Coin Discount) text view under Payment Details&quot;)&#10;public void verify_housing_coin_discount_text_view_under_payment_details() {&#10;    // Write code here that turns the phrase above into concrete actions&#10;    throw new io.cucumber.java.PendingException();&#10;}&#10;" type="io.cucumber.junit.UndefinedStepException">io.cucumber.junit.UndefinedStepException: 
The step "User is at Pay Rent Home Screen" is undefined. You can implement it using the snippet(s) below:

@Given("User is at Pay Rent Home Screen")
public void user_is_at_pay_rent_home_screen() {
    // Write code here that turns the phrase above into concrete actions
    throw new io.cucumber.java.PendingException();
}


Some other steps were also undefined:

@Given("User clicks on \\(Pay Again) button")
public void user_clicks_on_pay_again_button() {
    // Write code here that turns the phrase above into concrete actions
    throw new io.cucumber.java.PendingException();
}
@When("User selects checkbox to use coin for Card Payment")
public void user_selects_checkbox_to_use_coin_for_card_payment() {
    // Write code here that turns the phrase above into concrete actions
    throw new io.cucumber.java.PendingException();
}
@Then("Verify Coins count should be decreased by one")
public void verify_coins_count_should_be_decreased_by_one() {
    // Write code here that turns the phrase above into concrete actions
    throw new io.cucumber.java.PendingException();
}
@Then("Verify total amount should be decreased")
public void verify_total_amount_should_be_decreased() {
    // Write code here that turns the phrase above into concrete actions
    throw new io.cucumber.java.PendingException();
}
@Then("Verify \\(Congrats!) message on selecting checkbox")
public void verify_congrats_message_on_selecting_checkbox() {
    // Write code here that turns the phrase above into concrete actions
    throw new io.cucumber.java.PendingException();
}
@Then("Verify \\(Housing Coin Discount) text view under Payment Details")
public void verify_housing_coin_discount_text_view_under_payment_details() {
    // Write code here that turns the phrase above into concrete actions
    throw new io.cucumber.java.PendingException();
}

</error>
    <system-out><![CDATA[
@Regression @SmokeTest
Scenario: 5# Verifying Coin usage during checkout                    &amp#27;[90m# src/test/resources/Features/Refer_&_Earn_Module.feature:62&amp#27;[0m
  &amp#27;[33mGiven &amp#27;[0m&amp#27;[33mUser is at Pay Rent Home Screen&amp#27;[0m                              &amp#27;[90m# null&amp#27;[0m
  &amp#27;[36mAnd &amp#27;[0m&amp#27;[36mUser clicks on (Pay Again) button&amp#27;[0m                              &amp#27;[90m# null&amp#27;[0m
  &amp#27;[36mWhen &amp#27;[0m&amp#27;[36mUser selects checkbox to use coin for Card Payment&amp#27;[0m            &amp#27;[90m# null&amp#27;[0m
  &amp#27;[36mThen &amp#27;[0m&amp#27;[36mVerify Coins count should be decreased by one&amp#27;[0m                 &amp#27;[90m# null&amp#27;[0m
  &amp#27;[36mAnd &amp#27;[0m&amp#27;[36mVerify total amount should be decreased&amp#27;[0m                        &amp#27;[90m# null&amp#27;[0m
  &amp#27;[36mAnd &amp#27;[0m&amp#27;[36mVerify (Congrats!) message on selecting checkbox&amp#27;[0m               &amp#27;[90m# null&amp#27;[0m
  &amp#27;[36mAnd &amp#27;[0m&amp#27;[36mVerify (Housing Coin Discount) text view under Payment Details&amp#27;[0m &amp#27;[90m# null&amp#27;[0m
]]></system-out>
  </testcase>
</testsuite>