-------------------------------------------------------------------------------
Test set: TestRunner.TestRunner_reRun_failed_cases
-------------------------------------------------------------------------------
Tests run: 53, Failures: 0, Errors: 53, Skipped: 0, Time elapsed: 0.431 sec <<< FAILURE! - in TestRunner.TestRunner_reRun_failed_cases
1 #Verifying PayRent tab for New User on EDGE Home Screen(EDGE Home Scren)  Time elapsed: 0.012 sec  <<< ERROR!
io.cucumber.junit.UndefinedStepException: 
The step "User is at EDGE Home Screen from Onboarding" is undefined. You can implement it using the snippet(s) below:

@Given("User is at EDGE Home Screen from Onboarding")
public void user_is_at_edge_home_screen_from_onboarding() {
    // Write code here that turns the phrase above into concrete actions
    throw new io.cucumber.java.PendingException();
}


Some other steps were also undefined:

@When("User taps on PayRent tab")
public void user_taps_on_pay_rent_tab() {
    // Write code here that turns the phrase above into concrete actions
    throw new io.cucumber.java.PendingException();
}
@Then("Verify user is redirected to PayRent Landing Screen")
public void verify_user_is_redirected_to_pay_rent_landing_screen() {
    // Write code here that turns the phrase above into concrete actions
    throw new io.cucumber.java.PendingException();
}
@When("User taps device back button on Landing Screen")
public void user_taps_device_back_button_on_landing_screen() {
    // Write code here that turns the phrase above into concrete actions
    throw new io.cucumber.java.PendingException();
}
@Then("Verify user is navigated back to Edge Home screen")
public void verify_user_is_navigated_back_to_edge_home_screen() {
    // Write code here that turns the phrase above into concrete actions
    throw new io.cucumber.java.PendingException();
}


2 #Verifying PayRent tab for Returning User on EDGE Home Screen(EDGE Home Scren)  Time elapsed: 0.005 sec  <<< ERROR!
io.cucumber.junit.UndefinedStepException: 
The step "User is at EDGE Home Scren after login with returning user" is undefined. You can implement it using the snippet(s) below:

@Given("User is at EDGE Home Scren after login with returning user")
public void user_is_at_edge_home_scren_after_login_with_returning_user() {
    // Write code here that turns the phrase above into concrete actions
    throw new io.cucumber.java.PendingException();
}


Some other steps were also undefined:

@When("User taps on PayRent tab")
public void user_taps_on_pay_rent_tab() {
    // Write code here that turns the phrase above into concrete actions
    throw new io.cucumber.java.PendingException();
}
@Then("Verify user is redirected to PayRent Home Screen")
public void verify_user_is_redirected_to_pay_rent_home_screen() {
    // Write code here that turns the phrase above into concrete actions
    throw new io.cucumber.java.PendingException();
}
@When("User taps on back button on PayRent Home Screen")
public void user_taps_on_back_button_on_pay_rent_home_screen() {
    // Write code here that turns the phrase above into concrete actions
    throw new io.cucumber.java.PendingException();
}
@Then("Verify user is shown toast message to exit")
public void verify_user_is_shown_toast_message_to_exit() {
    // Write code here that turns the phrase above into concrete actions
    throw new io.cucumber.java.PendingException();
}


3 #Verifying Rent Agreement tab EDGE Home Screen(EDGE Home Scren)  Time elapsed: 0.005 sec  <<< ERROR!
io.cucumber.junit.UndefinedStepException: 
The step "User is at EDGE Home Screen from Onboarding" is undefined. You can implement it using the snippet(s) below:

@Given("User is at EDGE Home Screen from Onboarding")
public void user_is_at_edge_home_screen_from_onboarding() {
    // Write code here that turns the phrase above into concrete actions
    throw new io.cucumber.java.PendingException();
}


Some other steps were also undefined:

@When("User taps on Rent Agreement tab")
public void user_taps_on_rent_agreement_tab() {
    // Write code here that turns the phrase above into concrete actions
    throw new io.cucumber.java.PendingException();
}
@Then("Verify user is redirected to Rent Agreement landing Screen")
public void verify_user_is_redirected_to_rent_agreement_landing_screen() {
    // Write code here that turns the phrase above into concrete actions
    throw new io.cucumber.java.PendingException();
}
@When("User taps device back button on Landing Screen")
public void user_taps_device_back_button_on_landing_screen() {
    // Write code here that turns the phrase above into concrete actions
    throw new io.cucumber.java.PendingException();
}
@Then("Verify user is navigated back to Edge Home screen")
public void verify_user_is_navigated_back_to_edge_home_screen() {
    // Write code here that turns the phrase above into concrete actions
    throw new io.cucumber.java.PendingException();
}


4 #Verifying All Services on EDGE Home Screen #1(EDGE Home Scren)  Time elapsed: 0.015 sec  <<< ERROR!
io.cucumber.junit.UndefinedStepException: 
The step "User is at EDGE Home Screen from Onboarding" is undefined. You can implement it using the snippet(s) below:

@Given("User is at EDGE Home Screen from Onboarding")
public void user_is_at_edge_home_screen_from_onboarding() {
    // Write code here that turns the phrase above into concrete actions
    throw new io.cucumber.java.PendingException();
}


Some other steps were also undefined:

@When("User taps on {string} tab")
public void user_taps_on_tab(String string) {
    // Write code here that turns the phrase above into concrete actions
    throw new io.cucumber.java.PendingException();
}
@Then("Verify user is redirected to that {string} meb")
public void verify_user_is_redirected_to_that_meb(String string) {
    // Write code here that turns the phrase above into concrete actions
    throw new io.cucumber.java.PendingException();
}
@When("User taps device back button on mweb")
public void user_taps_device_back_button_on_mweb() {
    // Write code here that turns the phrase above into concrete actions
    throw new io.cucumber.java.PendingException();
}
@Then("Verify user is navigated back to Edge Home screen")
public void verify_user_is_navigated_back_to_edge_home_screen() {
    // Write code here that turns the phrase above into concrete actions
    throw new io.cucumber.java.PendingException();
}


4 #Verifying All Services on EDGE Home Screen #2(EDGE Home Scren)  Time elapsed: 0.002 sec  <<< ERROR!
io.cucumber.junit.UndefinedStepException: 
The step "User is at EDGE Home Screen from Onboarding" is undefined. You can implement it using the snippet(s) below:

@Given("User is at EDGE Home Screen from Onboarding")
public void user_is_at_edge_home_screen_from_onboarding() {
    // Write code here that turns the phrase above into concrete actions
    throw new io.cucumber.java.PendingException();
}


Some other steps were also undefined:

@When("User taps on {string} tab")
public void user_taps_on_tab(String string) {
    // Write code here that turns the phrase above into concrete actions
    throw new io.cucumber.java.PendingException();
}
@Then("Verify user is redirected to that {string} meb")
public void verify_user_is_redirected_to_that_meb(String string) {
    // Write code here that turns the phrase above into concrete actions
    throw new io.cucumber.java.PendingException();
}
@When("User taps device back button on mweb")
public void user_taps_device_back_button_on_mweb() {
    // Write code here that turns the phrase above into concrete actions
    throw new io.cucumber.java.PendingException();
}
@Then("Verify user is navigated back to Edge Home screen")
public void verify_user_is_navigated_back_to_edge_home_screen() {
    // Write code here that turns the phrase above into concrete actions
    throw new io.cucumber.java.PendingException();
}


4 #Verifying All Services on EDGE Home Screen #3(EDGE Home Scren)  Time elapsed: 0.004 sec  <<< ERROR!
io.cucumber.junit.UndefinedStepException: 
The step "User is at EDGE Home Screen from Onboarding" is undefined. You can implement it using the snippet(s) below:

@Given("User is at EDGE Home Screen from Onboarding")
public void user_is_at_edge_home_screen_from_onboarding() {
    // Write code here that turns the phrase above into concrete actions
    throw new io.cucumber.java.PendingException();
}


Some other steps were also undefined:

@When("User taps on {string} tab")
public void user_taps_on_tab(String string) {
    // Write code here that turns the phrase above into concrete actions
    throw new io.cucumber.java.PendingException();
}
@Then("Verify user is redirected to that {string} meb")
public void verify_user_is_redirected_to_that_meb(String string) {
    // Write code here that turns the phrase above into concrete actions
    throw new io.cucumber.java.PendingException();
}
@When("User taps device back button on mweb")
public void user_taps_device_back_button_on_mweb() {
    // Write code here that turns the phrase above into concrete actions
    throw new io.cucumber.java.PendingException();
}
@Then("Verify user is navigated back to Edge Home screen")
public void verify_user_is_navigated_back_to_edge_home_screen() {
    // Write code here that turns the phrase above into concrete actions
    throw new io.cucumber.java.PendingException();
}


4 #Verifying All Services on EDGE Home Screen #4(EDGE Home Scren)  Time elapsed: 0.002 sec  <<< ERROR!
io.cucumber.junit.UndefinedStepException: 
The step "User is at EDGE Home Screen from Onboarding" is undefined. You can implement it using the snippet(s) below:

@Given("User is at EDGE Home Screen from Onboarding")
public void user_is_at_edge_home_screen_from_onboarding() {
    // Write code here that turns the phrase above into concrete actions
    throw new io.cucumber.java.PendingException();
}


Some other steps were also undefined:

@When("User taps on {string} tab")
public void user_taps_on_tab(String string) {
    // Write code here that turns the phrase above into concrete actions
    throw new io.cucumber.java.PendingException();
}
@Then("Verify user is redirected to that {string} meb")
public void verify_user_is_redirected_to_that_meb(String string) {
    // Write code here that turns the phrase above into concrete actions
    throw new io.cucumber.java.PendingException();
}
@When("User taps device back button on mweb")
public void user_taps_device_back_button_on_mweb() {
    // Write code here that turns the phrase above into concrete actions
    throw new io.cucumber.java.PendingException();
}
@Then("Verify user is navigated back to Edge Home screen")
public void verify_user_is_navigated_back_to_edge_home_screen() {
    // Write code here that turns the phrase above into concrete actions
    throw new io.cucumber.java.PendingException();
}


4 #Verifying All Services on EDGE Home Screen #5(EDGE Home Scren)  Time elapsed: 0.001 sec  <<< ERROR!
io.cucumber.junit.UndefinedStepException: 
The step "User is at EDGE Home Screen from Onboarding" is undefined. You can implement it using the snippet(s) below:

@Given("User is at EDGE Home Screen from Onboarding")
public void user_is_at_edge_home_screen_from_onboarding() {
    // Write code here that turns the phrase above into concrete actions
    throw new io.cucumber.java.PendingException();
}


Some other steps were also undefined:

@When("User taps on {string} tab")
public void user_taps_on_tab(String string) {
    // Write code here that turns the phrase above into concrete actions
    throw new io.cucumber.java.PendingException();
}
@Then("Verify user is redirected to that {string} meb")
public void verify_user_is_redirected_to_that_meb(String string) {
    // Write code here that turns the phrase above into concrete actions
    throw new io.cucumber.java.PendingException();
}
@When("User taps device back button on mweb")
public void user_taps_device_back_button_on_mweb() {
    // Write code here that turns the phrase above into concrete actions
    throw new io.cucumber.java.PendingException();
}
@Then("Verify user is navigated back to Edge Home screen")
public void verify_user_is_navigated_back_to_edge_home_screen() {
    // Write code here that turns the phrase above into concrete actions
    throw new io.cucumber.java.PendingException();
}


4 #Verifying All Services on EDGE Home Screen #6(EDGE Home Scren)  Time elapsed: 0.005 sec  <<< ERROR!
io.cucumber.junit.UndefinedStepException: 
The step "User is at EDGE Home Screen from Onboarding" is undefined. You can implement it using the snippet(s) below:

@Given("User is at EDGE Home Screen from Onboarding")
public void user_is_at_edge_home_screen_from_onboarding() {
    // Write code here that turns the phrase above into concrete actions
    throw new io.cucumber.java.PendingException();
}


Some other steps were also undefined:

@When("User taps on {string} tab")
public void user_taps_on_tab(String string) {
    // Write code here that turns the phrase above into concrete actions
    throw new io.cucumber.java.PendingException();
}
@Then("Verify user is redirected to that {string} meb")
public void verify_user_is_redirected_to_that_meb(String string) {
    // Write code here that turns the phrase above into concrete actions
    throw new io.cucumber.java.PendingException();
}
@When("User taps device back button on mweb")
public void user_taps_device_back_button_on_mweb() {
    // Write code here that turns the phrase above into concrete actions
    throw new io.cucumber.java.PendingException();
}
@Then("Verify user is navigated back to Edge Home screen")
public void verify_user_is_navigated_back_to_edge_home_screen() {
    // Write code here that turns the phrase above into concrete actions
    throw new io.cucumber.java.PendingException();
}


4 #Verifying All Services on EDGE Home Screen #7(EDGE Home Scren)  Time elapsed: 0.003 sec  <<< ERROR!
io.cucumber.junit.UndefinedStepException: 
The step "User is at EDGE Home Screen from Onboarding" is undefined. You can implement it using the snippet(s) below:

@Given("User is at EDGE Home Screen from Onboarding")
public void user_is_at_edge_home_screen_from_onboarding() {
    // Write code here that turns the phrase above into concrete actions
    throw new io.cucumber.java.PendingException();
}


Some other steps were also undefined:

@When("User taps on {string} tab")
public void user_taps_on_tab(String string) {
    // Write code here that turns the phrase above into concrete actions
    throw new io.cucumber.java.PendingException();
}
@Then("Verify user is redirected to that {string} meb")
public void verify_user_is_redirected_to_that_meb(String string) {
    // Write code here that turns the phrase above into concrete actions
    throw new io.cucumber.java.PendingException();
}
@When("User taps device back button on mweb")
public void user_taps_device_back_button_on_mweb() {
    // Write code here that turns the phrase above into concrete actions
    throw new io.cucumber.java.PendingException();
}
@Then("Verify user is navigated back to Edge Home screen")
public void verify_user_is_navigated_back_to_edge_home_screen() {
    // Write code here that turns the phrase above into concrete actions
    throw new io.cucumber.java.PendingException();
}


4 #Verifying All Services on EDGE Home Screen #8(EDGE Home Scren)  Time elapsed: 0.003 sec  <<< ERROR!
io.cucumber.junit.UndefinedStepException: 
The step "User is at EDGE Home Screen from Onboarding" is undefined. You can implement it using the snippet(s) below:

@Given("User is at EDGE Home Screen from Onboarding")
public void user_is_at_edge_home_screen_from_onboarding() {
    // Write code here that turns the phrase above into concrete actions
    throw new io.cucumber.java.PendingException();
}


Some other steps were also undefined:

@When("User taps on {string} tab")
public void user_taps_on_tab(String string) {
    // Write code here that turns the phrase above into concrete actions
    throw new io.cucumber.java.PendingException();
}
@Then("Verify user is redirected to that {string} meb")
public void verify_user_is_redirected_to_that_meb(String string) {
    // Write code here that turns the phrase above into concrete actions
    throw new io.cucumber.java.PendingException();
}
@When("User taps device back button on mweb")
public void user_taps_device_back_button_on_mweb() {
    // Write code here that turns the phrase above into concrete actions
    throw new io.cucumber.java.PendingException();
}
@Then("Verify user is navigated back to Edge Home screen")
public void verify_user_is_navigated_back_to_edge_home_screen() {
    // Write code here that turns the phrase above into concrete actions
    throw new io.cucumber.java.PendingException();
}


4 #Verifying All Services on EDGE Home Screen #9(EDGE Home Scren)  Time elapsed: 0.078 sec  <<< ERROR!
io.cucumber.junit.UndefinedStepException: 
The step "User is at EDGE Home Screen from Onboarding" is undefined. You can implement it using the snippet(s) below:

@Given("User is at EDGE Home Screen from Onboarding")
public void user_is_at_edge_home_screen_from_onboarding() {
    // Write code here that turns the phrase above into concrete actions
    throw new io.cucumber.java.PendingException();
}


Some other steps were also undefined:

@When("User taps on {string} tab")
public void user_taps_on_tab(String string) {
    // Write code here that turns the phrase above into concrete actions
    throw new io.cucumber.java.PendingException();
}
@Then("Verify user is redirected to that {string} meb")
public void verify_user_is_redirected_to_that_meb(String string) {
    // Write code here that turns the phrase above into concrete actions
    throw new io.cucumber.java.PendingException();
}
@When("User taps device back button on mweb")
public void user_taps_device_back_button_on_mweb() {
    // Write code here that turns the phrase above into concrete actions
    throw new io.cucumber.java.PendingException();
}
@Then("Verify user is navigated back to Edge Home screen")
public void verify_user_is_navigated_back_to_edge_home_screen() {
    // Write code here that turns the phrase above into concrete actions
    throw new io.cucumber.java.PendingException();
}


4 #Verifying All Services on EDGE Home Screen #10(EDGE Home Scren)  Time elapsed: 0.005 sec  <<< ERROR!
io.cucumber.junit.UndefinedStepException: 
The step "User is at EDGE Home Screen from Onboarding" is undefined. You can implement it using the snippet(s) below:

@Given("User is at EDGE Home Screen from Onboarding")
public void user_is_at_edge_home_screen_from_onboarding() {
    // Write code here that turns the phrase above into concrete actions
    throw new io.cucumber.java.PendingException();
}


Some other steps were also undefined:

@When("User taps on {string} tab")
public void user_taps_on_tab(String string) {
    // Write code here that turns the phrase above into concrete actions
    throw new io.cucumber.java.PendingException();
}
@Then("Verify user is redirected to that {string} meb")
public void verify_user_is_redirected_to_that_meb(String string) {
    // Write code here that turns the phrase above into concrete actions
    throw new io.cucumber.java.PendingException();
}
@When("User taps device back button on mweb")
public void user_taps_device_back_button_on_mweb() {
    // Write code here that turns the phrase above into concrete actions
    throw new io.cucumber.java.PendingException();
}
@Then("Verify user is navigated back to Edge Home screen")
public void verify_user_is_navigated_back_to_edge_home_screen() {
    // Write code here that turns the phrase above into concrete actions
    throw new io.cucumber.java.PendingException();
}


5 #Verifying Testimonials section by scrolling(EDGE Home Scren)  Time elapsed: 0.001 sec  <<< ERROR!
io.cucumber.junit.UndefinedStepException: 
The step "User is at EDGE Home Screen from Onboarding" is undefined. You can implement it using the snippet(s) below:

@Given("User is at EDGE Home Screen from Onboarding")
public void user_is_at_edge_home_screen_from_onboarding() {
    // Write code here that turns the phrase above into concrete actions
    throw new io.cucumber.java.PendingException();
}


Some other steps were also undefined:

@When("User scrolls down to the Testimonial section & scrolls Testimonial card")
public void user_scrolls_down_to_the_testimonial_section_scrolls_testimonial_card() {
    // Write code here that turns the phrase above into concrete actions
    throw new io.cucumber.java.PendingException();
}
@Then("Verify user is able to scroll Testimonial cards vertically")
public void verify_user_is_able_to_scroll_testimonial_cards_vertically() {
    // Write code here that turns the phrase above into concrete actions
    throw new io.cucumber.java.PendingException();
}


6 #Verifying News Articles cards by scrolling and clicking #1(EDGE Home Scren)  Time elapsed: 0.003 sec  <<< ERROR!
io.cucumber.junit.UndefinedStepException: 
The step "User is at EDGE Home Screen from Onboarding" is undefined. You can implement it using the snippet(s) below:

@Given("User is at EDGE Home Screen from Onboarding")
public void user_is_at_edge_home_screen_from_onboarding() {
    // Write code here that turns the phrase above into concrete actions
    throw new io.cucumber.java.PendingException();
}


Some other steps were also undefined:

@When("User scrolls down to the News Articles cards")
public void user_scrolls_down_to_the_news_articles_cards() {
    // Write code here that turns the phrase above into concrete actions
    throw new io.cucumber.java.PendingException();
}
@When("User taps on {string} card")
public void user_taps_on_card(String string) {
    // Write code here that turns the phrase above into concrete actions
    throw new io.cucumber.java.PendingException();
}
@Then("Verify user is redirected to the news article web")
public void verify_user_is_redirected_to_the_news_article_web() {
    // Write code here that turns the phrase above into concrete actions
    throw new io.cucumber.java.PendingException();
}
@When("User taps device back button on news article screen")
public void user_taps_device_back_button_on_news_article_screen() {
    // Write code here that turns the phrase above into concrete actions
    throw new io.cucumber.java.PendingException();
}
@Then("Verify user is navigated back to Edge Home screen")
public void verify_user_is_navigated_back_to_edge_home_screen() {
    // Write code here that turns the phrase above into concrete actions
    throw new io.cucumber.java.PendingException();
}


6 #Verifying News Articles cards by scrolling and clicking #2(EDGE Home Scren)  Time elapsed: 0.003 sec  <<< ERROR!
io.cucumber.junit.UndefinedStepException: 
The step "User is at EDGE Home Screen from Onboarding" is undefined. You can implement it using the snippet(s) below:

@Given("User is at EDGE Home Screen from Onboarding")
public void user_is_at_edge_home_screen_from_onboarding() {
    // Write code here that turns the phrase above into concrete actions
    throw new io.cucumber.java.PendingException();
}


Some other steps were also undefined:

@When("User scrolls down to the News Articles cards")
public void user_scrolls_down_to_the_news_articles_cards() {
    // Write code here that turns the phrase above into concrete actions
    throw new io.cucumber.java.PendingException();
}
@When("User taps on {string} card")
public void user_taps_on_card(String string) {
    // Write code here that turns the phrase above into concrete actions
    throw new io.cucumber.java.PendingException();
}
@Then("Verify user is redirected to the news article web")
public void verify_user_is_redirected_to_the_news_article_web() {
    // Write code here that turns the phrase above into concrete actions
    throw new io.cucumber.java.PendingException();
}
@When("User taps device back button on news article screen")
public void user_taps_device_back_button_on_news_article_screen() {
    // Write code here that turns the phrase above into concrete actions
    throw new io.cucumber.java.PendingException();
}
@Then("Verify user is navigated back to Edge Home screen")
public void verify_user_is_navigated_back_to_edge_home_screen() {
    // Write code here that turns the phrase above into concrete actions
    throw new io.cucumber.java.PendingException();
}


6 #Verifying News Articles cards by scrolling and clicking #3(EDGE Home Scren)  Time elapsed: 0.008 sec  <<< ERROR!
io.cucumber.junit.UndefinedStepException: 
The step "User is at EDGE Home Screen from Onboarding" is undefined. You can implement it using the snippet(s) below:

@Given("User is at EDGE Home Screen from Onboarding")
public void user_is_at_edge_home_screen_from_onboarding() {
    // Write code here that turns the phrase above into concrete actions
    throw new io.cucumber.java.PendingException();
}


Some other steps were also undefined:

@When("User scrolls down to the News Articles cards")
public void user_scrolls_down_to_the_news_articles_cards() {
    // Write code here that turns the phrase above into concrete actions
    throw new io.cucumber.java.PendingException();
}
@When("User taps on {string} card")
public void user_taps_on_card(String string) {
    // Write code here that turns the phrase above into concrete actions
    throw new io.cucumber.java.PendingException();
}
@Then("Verify user is redirected to the news article web")
public void verify_user_is_redirected_to_the_news_article_web() {
    // Write code here that turns the phrase above into concrete actions
    throw new io.cucumber.java.PendingException();
}
@When("User taps device back button on news article screen")
public void user_taps_device_back_button_on_news_article_screen() {
    // Write code here that turns the phrase above into concrete actions
    throw new io.cucumber.java.PendingException();
}
@Then("Verify user is navigated back to Edge Home screen")
public void verify_user_is_navigated_back_to_edge_home_screen() {
    // Write code here that turns the phrase above into concrete actions
    throw new io.cucumber.java.PendingException();
}


6 #Verifying News Articles cards by scrolling and clicking #4(EDGE Home Scren)  Time elapsed: 0.008 sec  <<< ERROR!
io.cucumber.junit.UndefinedStepException: 
The step "User is at EDGE Home Screen from Onboarding" is undefined. You can implement it using the snippet(s) below:

@Given("User is at EDGE Home Screen from Onboarding")
public void user_is_at_edge_home_screen_from_onboarding() {
    // Write code here that turns the phrase above into concrete actions
    throw new io.cucumber.java.PendingException();
}


Some other steps were also undefined:

@When("User scrolls down to the News Articles cards")
public void user_scrolls_down_to_the_news_articles_cards() {
    // Write code here that turns the phrase above into concrete actions
    throw new io.cucumber.java.PendingException();
}
@When("User taps on {string} card")
public void user_taps_on_card(String string) {
    // Write code here that turns the phrase above into concrete actions
    throw new io.cucumber.java.PendingException();
}
@Then("Verify user is redirected to the news article web")
public void verify_user_is_redirected_to_the_news_article_web() {
    // Write code here that turns the phrase above into concrete actions
    throw new io.cucumber.java.PendingException();
}
@When("User taps device back button on news article screen")
public void user_taps_device_back_button_on_news_article_screen() {
    // Write code here that turns the phrase above into concrete actions
    throw new io.cucumber.java.PendingException();
}
@Then("Verify user is navigated back to Edge Home screen")
public void verify_user_is_navigated_back_to_edge_home_screen() {
    // Write code here that turns the phrase above into concrete actions
    throw new io.cucumber.java.PendingException();
}


6 #Verifying News Articles cards by scrolling and clicking #5(EDGE Home Scren)  Time elapsed: 0.004 sec  <<< ERROR!
io.cucumber.junit.UndefinedStepException: 
The step "User is at EDGE Home Screen from Onboarding" is undefined. You can implement it using the snippet(s) below:

@Given("User is at EDGE Home Screen from Onboarding")
public void user_is_at_edge_home_screen_from_onboarding() {
    // Write code here that turns the phrase above into concrete actions
    throw new io.cucumber.java.PendingException();
}


Some other steps were also undefined:

@When("User scrolls down to the News Articles cards")
public void user_scrolls_down_to_the_news_articles_cards() {
    // Write code here that turns the phrase above into concrete actions
    throw new io.cucumber.java.PendingException();
}
@When("User taps on {string} card")
public void user_taps_on_card(String string) {
    // Write code here that turns the phrase above into concrete actions
    throw new io.cucumber.java.PendingException();
}
@Then("Verify user is redirected to the news article web")
public void verify_user_is_redirected_to_the_news_article_web() {
    // Write code here that turns the phrase above into concrete actions
    throw new io.cucumber.java.PendingException();
}
@When("User taps device back button on news article screen")
public void user_taps_device_back_button_on_news_article_screen() {
    // Write code here that turns the phrase above into concrete actions
    throw new io.cucumber.java.PendingException();
}
@Then("Verify user is navigated back to Edge Home screen")
public void verify_user_is_navigated_back_to_edge_home_screen() {
    // Write code here that turns the phrase above into concrete actions
    throw new io.cucumber.java.PendingException();
}


6 #Verifying News Articles cards by scrolling and clicking #6(EDGE Home Scren)  Time elapsed: 0.002 sec  <<< ERROR!
io.cucumber.junit.UndefinedStepException: 
The step "User is at EDGE Home Screen from Onboarding" is undefined. You can implement it using the snippet(s) below:

@Given("User is at EDGE Home Screen from Onboarding")
public void user_is_at_edge_home_screen_from_onboarding() {
    // Write code here that turns the phrase above into concrete actions
    throw new io.cucumber.java.PendingException();
}


Some other steps were also undefined:

@When("User scrolls down to the News Articles cards")
public void user_scrolls_down_to_the_news_articles_cards() {
    // Write code here that turns the phrase above into concrete actions
    throw new io.cucumber.java.PendingException();
}
@When("User taps on {string} card")
public void user_taps_on_card(String string) {
    // Write code here that turns the phrase above into concrete actions
    throw new io.cucumber.java.PendingException();
}
@Then("Verify user is redirected to the news article web")
public void verify_user_is_redirected_to_the_news_article_web() {
    // Write code here that turns the phrase above into concrete actions
    throw new io.cucumber.java.PendingException();
}
@When("User taps device back button on news article screen")
public void user_taps_device_back_button_on_news_article_screen() {
    // Write code here that turns the phrase above into concrete actions
    throw new io.cucumber.java.PendingException();
}
@Then("Verify user is navigated back to Edge Home screen")
public void verify_user_is_navigated_back_to_edge_home_screen() {
    // Write code here that turns the phrase above into concrete actions
    throw new io.cucumber.java.PendingException();
}


6 #Verifying News Articles cards by scrolling and clicking #7(EDGE Home Scren)  Time elapsed: 0.004 sec  <<< ERROR!
io.cucumber.junit.UndefinedStepException: 
The step "User is at EDGE Home Screen from Onboarding" is undefined. You can implement it using the snippet(s) below:

@Given("User is at EDGE Home Screen from Onboarding")
public void user_is_at_edge_home_screen_from_onboarding() {
    // Write code here that turns the phrase above into concrete actions
    throw new io.cucumber.java.PendingException();
}


Some other steps were also undefined:

@When("User scrolls down to the News Articles cards")
public void user_scrolls_down_to_the_news_articles_cards() {
    // Write code here that turns the phrase above into concrete actions
    throw new io.cucumber.java.PendingException();
}
@When("User taps on {string} card")
public void user_taps_on_card(String string) {
    // Write code here that turns the phrase above into concrete actions
    throw new io.cucumber.java.PendingException();
}
@Then("Verify user is redirected to the news article web")
public void verify_user_is_redirected_to_the_news_article_web() {
    // Write code here that turns the phrase above into concrete actions
    throw new io.cucumber.java.PendingException();
}
@When("User taps device back button on news article screen")
public void user_taps_device_back_button_on_news_article_screen() {
    // Write code here that turns the phrase above into concrete actions
    throw new io.cucumber.java.PendingException();
}
@Then("Verify user is navigated back to Edge Home screen")
public void verify_user_is_navigated_back_to_edge_home_screen() {
    // Write code here that turns the phrase above into concrete actions
    throw new io.cucumber.java.PendingException();
}


6 #Verifying News Articles cards by scrolling and clicking #8(EDGE Home Scren)  Time elapsed: 0.005 sec  <<< ERROR!
io.cucumber.junit.UndefinedStepException: 
The step "User is at EDGE Home Screen from Onboarding" is undefined. You can implement it using the snippet(s) below:

@Given("User is at EDGE Home Screen from Onboarding")
public void user_is_at_edge_home_screen_from_onboarding() {
    // Write code here that turns the phrase above into concrete actions
    throw new io.cucumber.java.PendingException();
}


Some other steps were also undefined:

@When("User scrolls down to the News Articles cards")
public void user_scrolls_down_to_the_news_articles_cards() {
    // Write code here that turns the phrase above into concrete actions
    throw new io.cucumber.java.PendingException();
}
@When("User taps on {string} card")
public void user_taps_on_card(String string) {
    // Write code here that turns the phrase above into concrete actions
    throw new io.cucumber.java.PendingException();
}
@Then("Verify user is redirected to the news article web")
public void verify_user_is_redirected_to_the_news_article_web() {
    // Write code here that turns the phrase above into concrete actions
    throw new io.cucumber.java.PendingException();
}
@When("User taps device back button on news article screen")
public void user_taps_device_back_button_on_news_article_screen() {
    // Write code here that turns the phrase above into concrete actions
    throw new io.cucumber.java.PendingException();
}
@Then("Verify user is navigated back to Edge Home screen")
public void verify_user_is_navigated_back_to_edge_home_screen() {
    // Write code here that turns the phrase above into concrete actions
    throw new io.cucumber.java.PendingException();
}


6 #Verifying News Articles cards by scrolling and clicking #9(EDGE Home Scren)  Time elapsed: 0.004 sec  <<< ERROR!
io.cucumber.junit.UndefinedStepException: 
The step "User is at EDGE Home Screen from Onboarding" is undefined. You can implement it using the snippet(s) below:

@Given("User is at EDGE Home Screen from Onboarding")
public void user_is_at_edge_home_screen_from_onboarding() {
    // Write code here that turns the phrase above into concrete actions
    throw new io.cucumber.java.PendingException();
}


Some other steps were also undefined:

@When("User scrolls down to the News Articles cards")
public void user_scrolls_down_to_the_news_articles_cards() {
    // Write code here that turns the phrase above into concrete actions
    throw new io.cucumber.java.PendingException();
}
@When("User taps on {string} card")
public void user_taps_on_card(String string) {
    // Write code here that turns the phrase above into concrete actions
    throw new io.cucumber.java.PendingException();
}
@Then("Verify user is redirected to the news article web")
public void verify_user_is_redirected_to_the_news_article_web() {
    // Write code here that turns the phrase above into concrete actions
    throw new io.cucumber.java.PendingException();
}
@When("User taps device back button on news article screen")
public void user_taps_device_back_button_on_news_article_screen() {
    // Write code here that turns the phrase above into concrete actions
    throw new io.cucumber.java.PendingException();
}
@Then("Verify user is navigated back to Edge Home screen")
public void verify_user_is_navigated_back_to_edge_home_screen() {
    // Write code here that turns the phrase above into concrete actions
    throw new io.cucumber.java.PendingException();
}


6 #Verifying News Articles cards by scrolling and clicking #10(EDGE Home Scren)  Time elapsed: 0.007 sec  <<< ERROR!
io.cucumber.junit.UndefinedStepException: 
The step "User is at EDGE Home Screen from Onboarding" is undefined. You can implement it using the snippet(s) below:

@Given("User is at EDGE Home Screen from Onboarding")
public void user_is_at_edge_home_screen_from_onboarding() {
    // Write code here that turns the phrase above into concrete actions
    throw new io.cucumber.java.PendingException();
}


Some other steps were also undefined:

@When("User scrolls down to the News Articles cards")
public void user_scrolls_down_to_the_news_articles_cards() {
    // Write code here that turns the phrase above into concrete actions
    throw new io.cucumber.java.PendingException();
}
@When("User taps on {string} card")
public void user_taps_on_card(String string) {
    // Write code here that turns the phrase above into concrete actions
    throw new io.cucumber.java.PendingException();
}
@Then("Verify user is redirected to the news article web")
public void verify_user_is_redirected_to_the_news_article_web() {
    // Write code here that turns the phrase above into concrete actions
    throw new io.cucumber.java.PendingException();
}
@When("User taps device back button on news article screen")
public void user_taps_device_back_button_on_news_article_screen() {
    // Write code here that turns the phrase above into concrete actions
    throw new io.cucumber.java.PendingException();
}
@Then("Verify user is navigated back to Edge Home screen")
public void verify_user_is_navigated_back_to_edge_home_screen() {
    // Write code here that turns the phrase above into concrete actions
    throw new io.cucumber.java.PendingException();
}


6 #Verifying News Articles cards by scrolling and clicking #11(EDGE Home Scren)  Time elapsed: 0.014 sec  <<< ERROR!
io.cucumber.junit.UndefinedStepException: 
The step "User is at EDGE Home Screen from Onboarding" is undefined. You can implement it using the snippet(s) below:

@Given("User is at EDGE Home Screen from Onboarding")
public void user_is_at_edge_home_screen_from_onboarding() {
    // Write code here that turns the phrase above into concrete actions
    throw new io.cucumber.java.PendingException();
}


Some other steps were also undefined:

@When("User scrolls down to the News Articles cards")
public void user_scrolls_down_to_the_news_articles_cards() {
    // Write code here that turns the phrase above into concrete actions
    throw new io.cucumber.java.PendingException();
}
@When("User taps on {string} card")
public void user_taps_on_card(String string) {
    // Write code here that turns the phrase above into concrete actions
    throw new io.cucumber.java.PendingException();
}
@Then("Verify user is redirected to the news article web")
public void verify_user_is_redirected_to_the_news_article_web() {
    // Write code here that turns the phrase above into concrete actions
    throw new io.cucumber.java.PendingException();
}
@When("User taps device back button on news article screen")
public void user_taps_device_back_button_on_news_article_screen() {
    // Write code here that turns the phrase above into concrete actions
    throw new io.cucumber.java.PendingException();
}
@Then("Verify user is navigated back to Edge Home screen")
public void verify_user_is_navigated_back_to_edge_home_screen() {
    // Write code here that turns the phrase above into concrete actions
    throw new io.cucumber.java.PendingException();
}


6 #Verifying News Articles cards by scrolling and clicking #12(EDGE Home Scren)  Time elapsed: 0.008 sec  <<< ERROR!
io.cucumber.junit.UndefinedStepException: 
The step "User is at EDGE Home Screen from Onboarding" is undefined. You can implement it using the snippet(s) below:

@Given("User is at EDGE Home Screen from Onboarding")
public void user_is_at_edge_home_screen_from_onboarding() {
    // Write code here that turns the phrase above into concrete actions
    throw new io.cucumber.java.PendingException();
}


Some other steps were also undefined:

@When("User scrolls down to the News Articles cards")
public void user_scrolls_down_to_the_news_articles_cards() {
    // Write code here that turns the phrase above into concrete actions
    throw new io.cucumber.java.PendingException();
}
@When("User taps on {string} card")
public void user_taps_on_card(String string) {
    // Write code here that turns the phrase above into concrete actions
    throw new io.cucumber.java.PendingException();
}
@Then("Verify user is redirected to the news article web")
public void verify_user_is_redirected_to_the_news_article_web() {
    // Write code here that turns the phrase above into concrete actions
    throw new io.cucumber.java.PendingException();
}
@When("User taps device back button on news article screen")
public void user_taps_device_back_button_on_news_article_screen() {
    // Write code here that turns the phrase above into concrete actions
    throw new io.cucumber.java.PendingException();
}
@Then("Verify user is navigated back to Edge Home screen")
public void verify_user_is_navigated_back_to_edge_home_screen() {
    // Write code here that turns the phrase above into concrete actions
    throw new io.cucumber.java.PendingException();
}


6 #Verifying News Articles cards by scrolling and clicking #13(EDGE Home Scren)  Time elapsed: 0.005 sec  <<< ERROR!
io.cucumber.junit.UndefinedStepException: 
The step "User is at EDGE Home Screen from Onboarding" is undefined. You can implement it using the snippet(s) below:

@Given("User is at EDGE Home Screen from Onboarding")
public void user_is_at_edge_home_screen_from_onboarding() {
    // Write code here that turns the phrase above into concrete actions
    throw new io.cucumber.java.PendingException();
}


Some other steps were also undefined:

@When("User scrolls down to the News Articles cards")
public void user_scrolls_down_to_the_news_articles_cards() {
    // Write code here that turns the phrase above into concrete actions
    throw new io.cucumber.java.PendingException();
}
@When("User taps on {string} card")
public void user_taps_on_card(String string) {
    // Write code here that turns the phrase above into concrete actions
    throw new io.cucumber.java.PendingException();
}
@Then("Verify user is redirected to the news article web")
public void verify_user_is_redirected_to_the_news_article_web() {
    // Write code here that turns the phrase above into concrete actions
    throw new io.cucumber.java.PendingException();
}
@When("User taps device back button on news article screen")
public void user_taps_device_back_button_on_news_article_screen() {
    // Write code here that turns the phrase above into concrete actions
    throw new io.cucumber.java.PendingException();
}
@Then("Verify user is navigated back to Edge Home screen")
public void verify_user_is_navigated_back_to_edge_home_screen() {
    // Write code here that turns the phrase above into concrete actions
    throw new io.cucumber.java.PendingException();
}


7 #Verifying Home Interiors FAQs(EDGE Home Scren)  Time elapsed: 0.003 sec  <<< ERROR!
io.cucumber.junit.UndefinedStepException: 
The step "User is at EDGE Home Screen from Onboarding" is undefined. You can implement it using the snippet(s) below:

@Given("User is at EDGE Home Screen from Onboarding")
public void user_is_at_edge_home_screen_from_onboarding() {
    // Write code here that turns the phrase above into concrete actions
    throw new io.cucumber.java.PendingException();
}


Some other steps were also undefined:

@When("User scrolls down to the FAQs Section")
public void user_scrolls_down_to_the_fa_qs_section() {
    // Write code here that turns the phrase above into concrete actions
    throw new io.cucumber.java.PendingException();
}
@When("Taps on Home Interiors FAQs tab")
public void taps_on_home_interiors_fa_qs_tab() {
    // Write code here that turns the phrase above into concrete actions
    throw new io.cucumber.java.PendingException();
}
@Then("Verify Home Interiors FAQs are visible")
public void verify_home_interiors_fa_qs_are_visible() {
    // Write code here that turns the phrase above into concrete actions
    throw new io.cucumber.java.PendingException();
}
@Then("User expands and collapse all the Home Interiors FAQs")
public void user_expands_and_collapse_all_the_home_interiors_fa_qs() {
    // Write code here that turns the phrase above into concrete actions
    throw new io.cucumber.java.PendingException();
}


8 #Verifying Rent Agreement FAQs(EDGE Home Scren)  Time elapsed: 0.004 sec  <<< ERROR!
io.cucumber.junit.UndefinedStepException: 
The step "User is at EDGE Home Screen from Onboarding" is undefined. You can implement it using the snippet(s) below:

@Given("User is at EDGE Home Screen from Onboarding")
public void user_is_at_edge_home_screen_from_onboarding() {
    // Write code here that turns the phrase above into concrete actions
    throw new io.cucumber.java.PendingException();
}


Some other steps were also undefined:

@When("User scrolls down to the FAQs Section")
public void user_scrolls_down_to_the_fa_qs_section() {
    // Write code here that turns the phrase above into concrete actions
    throw new io.cucumber.java.PendingException();
}
@When("Taps on Rent Agreement FAQs tab")
public void taps_on_rent_agreement_fa_qs_tab() {
    // Write code here that turns the phrase above into concrete actions
    throw new io.cucumber.java.PendingException();
}
@Then("Verify Rent Agreement FAQs are visible")
public void verify_rent_agreement_fa_qs_are_visible() {
    // Write code here that turns the phrase above into concrete actions
    throw new io.cucumber.java.PendingException();
}
@Then("User expands and collapse all the Rent Agreement FAQs")
public void user_expands_and_collapse_all_the_rent_agreement_fa_qs() {
    // Write code here that turns the phrase above into concrete actions
    throw new io.cucumber.java.PendingException();
}


9 #Verifying PayRent FAQs(EDGE Home Scren)  Time elapsed: 0.001 sec  <<< ERROR!
io.cucumber.junit.UndefinedStepException: 
The step "User is at EDGE Home Screen from Onboarding" is undefined. You can implement it using the snippet(s) below:

@Given("User is at EDGE Home Screen from Onboarding")
public void user_is_at_edge_home_screen_from_onboarding() {
    // Write code here that turns the phrase above into concrete actions
    throw new io.cucumber.java.PendingException();
}


Some other steps were also undefined:

@When("User scrolls down to the FAQs Section")
public void user_scrolls_down_to_the_fa_qs_section() {
    // Write code here that turns the phrase above into concrete actions
    throw new io.cucumber.java.PendingException();
}
@When("Taps on PayRent FAQs tab")
public void taps_on_pay_rent_fa_qs_tab() {
    // Write code here that turns the phrase above into concrete actions
    throw new io.cucumber.java.PendingException();
}
@Then("Verify PayRent FAQs are visible")
public void verify_pay_rent_fa_qs_are_visible() {
    // Write code here that turns the phrase above into concrete actions
    throw new io.cucumber.java.PendingException();
}
@Then("User expands and collapse all the FAQs")
public void user_expands_and_collapse_all_the_fa_qs() {
    // Write code here that turns the phrase above into concrete actions
    throw new io.cucumber.java.PendingException();
}


1# Verifying each and every elements on PayRent Home screen(Pay Rent Home Screen for existing user)  Time elapsed: 0.044 sec  <<< ERROR!
io.cucumber.junit.UndefinedStepException: 
The step "User is at Pay Rent Home Screen" is undefined. You can implement it using the snippet(s) below:

@Given("User is at Pay Rent Home Screen")
public void user_is_at_pay_rent_home_screen() {
    // Write code here that turns the phrase above into concrete actions
    throw new io.cucumber.java.PendingException();
}


Some other steps were also undefined:

@Then("Verify coins button")
public void verify_coins_button() {
    // Write code here that turns the phrase above into concrete actions
    throw new io.cucumber.java.PendingException();
}
@Then("Verify Greeting Name at Header")
public void verify_greeting_name_at_header() {
    // Write code here that turns the phrase above into concrete actions
    throw new io.cucumber.java.PendingException();
}
@Then("User clicks on \\(Pay Again) button")
public void user_clicks_on_pay_again_button() {
    // Write code here that turns the phrase above into concrete actions
    throw new io.cucumber.java.PendingException();
}
@Then("Verify last paid Landlord name")
public void verify_last_paid_landlord_name() {
    // Write code here that turns the phrase above into concrete actions
    throw new io.cucumber.java.PendingException();
}
@Then("Verify \\(Go to my transactions) flow")
public void verify_go_to_my_transactions_flow() {
    // Write code here that turns the phrase above into concrete actions
    throw new io.cucumber.java.PendingException();
}
@Then("Verify \\(Generate rent receipt) button")
public void verify_generate_rent_receipt_button() {
    // Write code here that turns the phrase above into concrete actions
    throw new io.cucumber.java.PendingException();
}
@Then("Verify \\(Pay Now) button")
public void verify_pay_now_button() {
    // Write code here that turns the phrase above into concrete actions
    throw new io.cucumber.java.PendingException();
}
@Then("Verify FAQs section")
public void verify_fa_qs_section() {
    // Write code here that turns the phrase above into concrete actions
    throw new io.cucumber.java.PendingException();
}
@Then("Verify \\(Refer > Earn > Save) section")
public void verify_refer_earn_save_section() {
    // Write code here that turns the phrase above into concrete actions
    throw new io.cucumber.java.PendingException();
}
@Then("Verify \\(Refer Now) link")
public void verify_refer_now_link() {
    // Write code here that turns the phrase above into concrete actions
    throw new io.cucumber.java.PendingException();
}
@Then("User clicks on \\(COPY) CTA")
public void user_clicks_on_copy_cta() {
    // Write code here that turns the phrase above into concrete actions
    throw new io.cucumber.java.PendingException();
}
@Then("Verify all reward cards are swipe-able in both directions")
public void verify_all_reward_cards_are_swipe_able_in_both_directions() {
    // Write code here that turns the phrase above into concrete actions
    throw new io.cucumber.java.PendingException();
}
@Then("User verifies \\(How to redeem) link")
public void user_verifies_how_to_redeem_link() {
    // Write code here that turns the phrase above into concrete actions
    throw new io.cucumber.java.PendingException();
}
@Then("User clicks on \\(See all my rewards) link")
public void user_clicks_on_see_all_my_rewards_link() {
    // Write code here that turns the phrase above into concrete actions
    throw new io.cucumber.java.PendingException();
}


2# Verifying Pay Again flow with prefilled data(Pay Rent Home Screen for existing user)  Time elapsed: 0.01 sec  <<< ERROR!
io.cucumber.junit.UndefinedStepException: 
The step "User is at Pay Rent Home Screen" is undefined. You can implement it using the snippet(s) below:

@Given("User is at Pay Rent Home Screen")
public void user_is_at_pay_rent_home_screen() {
    // Write code here that turns the phrase above into concrete actions
    throw new io.cucumber.java.PendingException();
}


Some other steps were also undefined:

@Then("User clicks on \\(Pay Again) button")
public void user_clicks_on_pay_again_button() {
    // Write code here that turns the phrase above into concrete actions
    throw new io.cucumber.java.PendingException();
}
@Then("Verify all the existing data on step one & two")
public void verify_all_the_existing_data_on_step_one_two() {
    // Write code here that turns the phrase above into concrete actions
    throw new io.cucumber.java.PendingException();
}
@Then("Verify pre-filled data for Rent Amount field")
public void verify_pre_filled_data_for_rent_amount_field() {
    // Write code here that turns the phrase above into concrete actions
    throw new io.cucumber.java.PendingException();
}
@Then("User re-enters valid Rent amount")
public void user_re_enters_valid_rent_amount() {
    // Write code here that turns the phrase above into concrete actions
    throw new io.cucumber.java.PendingException();
}
@Then("User taps on \\(Total Pay) button")
public void user_taps_on_total_pay_button() {
    // Write code here that turns the phrase above into concrete actions
    throw new io.cucumber.java.PendingException();
}
@Then("User is redirected to the Razorpay payment screen")
public void user_is_redirected_to_the_razorpay_payment_screen() {
    // Write code here that turns the phrase above into concrete actions
    throw new io.cucumber.java.PendingException();
}


3# Verifying Pay Again flow with new data(Pay Rent Home Screen for existing user)  Time elapsed: 0.003 sec  <<< ERROR!
io.cucumber.junit.UndefinedStepException: 
The step "User is at Pay Rent Home Screen" is undefined. You can implement it using the snippet(s) below:

@Given("User is at Pay Rent Home Screen")
public void user_is_at_pay_rent_home_screen() {
    // Write code here that turns the phrase above into concrete actions
    throw new io.cucumber.java.PendingException();
}


Some other steps were also undefined:

@Then("User clicks on \\(Pay Again) button")
public void user_clicks_on_pay_again_button() {
    // Write code here that turns the phrase above into concrete actions
    throw new io.cucumber.java.PendingException();
}
@Then("User re-enters all the valid details on second step")
public void user_re_enters_all_the_valid_details_on_second_step(io.cucumber.datatable.DataTable dataTable) {
    // Write code here that turns the phrase above into concrete actions
    // For automatic transformation, change DataTable to one of
    // E, List<E>, List<List<E>>, List<Map<K,V>>, Map<K,V> or
    // Map<K, List<V>>. E,K,V must be a String, Integer, Float,
    // Double, Byte, Short, Long, BigInteger or BigDecimal.
    //
    // For other transformations you can register a DataTableType.
    throw new io.cucumber.java.PendingException();
}
@Then("User re-enters all the valid details on third step")
public void user_re_enters_all_the_valid_details_on_third_step(io.cucumber.datatable.DataTable dataTable) {
    // Write code here that turns the phrase above into concrete actions
    // For automatic transformation, change DataTable to one of
    // E, List<E>, List<List<E>>, List<Map<K,V>>, Map<K,V> or
    // Map<K, List<V>>. E,K,V must be a String, Integer, Float,
    // Double, Byte, Short, Long, BigInteger or BigDecimal.
    //
    // For other transformations you can register a DataTableType.
    throw new io.cucumber.java.PendingException();
}
@Then("User re-enters valid Rent amount")
public void user_re_enters_valid_rent_amount() {
    // Write code here that turns the phrase above into concrete actions
    throw new io.cucumber.java.PendingException();
}
@Then("User selects another Month")
public void user_selects_another_month() {
    // Write code here that turns the phrase above into concrete actions
    throw new io.cucumber.java.PendingException();
}
@Then("User selects another Payment method than previous")
public void user_selects_another_payment_method_than_previous() {
    // Write code here that turns the phrase above into concrete actions
    throw new io.cucumber.java.PendingException();
}
@Then("User taps on \\(Total Pay) CTA")
public void user_taps_on_total_pay_cta() {
    // Write code here that turns the phrase above into concrete actions
    throw new io.cucumber.java.PendingException();
}
@Then("User is redirected to the Razorpay payment screen")
public void user_is_redirected_to_the_razorpay_payment_screen() {
    // Write code here that turns the phrase above into concrete actions
    throw new io.cucumber.java.PendingException();
}


4# Verifying each and every elements on Pay Again feature(Pay Rent Home Screen for existing user)  Time elapsed: 0.005 sec  <<< ERROR!
io.cucumber.junit.UndefinedStepException: 
The step "User is at Pay Rent Home Screen" is undefined. You can implement it using the snippet(s) below:

@Given("User is at Pay Rent Home Screen")
public void user_is_at_pay_rent_home_screen() {
    // Write code here that turns the phrase above into concrete actions
    throw new io.cucumber.java.PendingException();
}


Some other steps were also undefined:

@Then("User clicks on \\(Pay Again) button")
public void user_clicks_on_pay_again_button() {
    // Write code here that turns the phrase above into concrete actions
    throw new io.cucumber.java.PendingException();
}
@Then("Verify Cancel and back button on step two")
public void verify_cancel_and_back_button_on_step_two() {
    // Write code here that turns the phrase above into concrete actions
    throw new io.cucumber.java.PendingException();
}
@Then("Verify Cancel and back button on step three")
public void verify_cancel_and_back_button_on_step_three() {
    // Write code here that turns the phrase above into concrete actions
    throw new io.cucumber.java.PendingException();
}
@Then("Verify Name in \\(Transferring to) section")
public void verify_name_in_transferring_to_section() {
    // Write code here that turns the phrase above into concrete actions
    throw new io.cucumber.java.PendingException();
}
@Then("Verify PIN in \\(Living at) section")
public void verify_pin_in_living_at_section() {
    // Write code here that turns the phrase above into concrete actions
    throw new io.cucumber.java.PendingException();
}
@Then("Verify the pre-filled amount in words format")
public void verify_the_pre_filled_amount_in_words_format() {
    // Write code here that turns the phrase above into concrete actions
    throw new io.cucumber.java.PendingException();
}
@Then("Verify the amount entered should also appear in words format")
public void verify_the_amount_entered_should_also_appear_in_words_format(io.cucumber.datatable.DataTable dataTable) {
    // Write code here that turns the phrase above into concrete actions
    // For automatic transformation, change DataTable to one of
    // E, List<E>, List<List<E>>, List<Map<K,V>>, Map<K,V> or
    // Map<K, List<V>>. E,K,V must be a String, Integer, Float,
    // Double, Byte, Short, Long, BigInteger or BigDecimal.
    //
    // For other transformations you can register a DataTableType.
    throw new io.cucumber.java.PendingException();
}
@Then("Verify Convenience fees section on Payment details page")
public void verify_convenience_fees_section_on_payment_details_page() {
    // Write code here that turns the phrase above into concrete actions
    throw new io.cucumber.java.PendingException();
}
@Then("Verify \\(T&C) link redirects to mweb from Payment details page")
public void verify_t_c_link_redirects_to_mweb_from_payment_details_page() {
    // Write code here that turns the phrase above into concrete actions
    throw new io.cucumber.java.PendingException();
}
@Then("Verify \\(Total Pay) button on Payment details page")
public void verify_total_pay_button_on_payment_details_page() {
    // Write code here that turns the phrase above into concrete actions
    throw new io.cucumber.java.PendingException();
}
@Then("User taps on all available Months")
public void user_taps_on_all_available_months() {
    // Write code here that turns the phrase above into concrete actions
    throw new io.cucumber.java.PendingException();
}
@Then("Verify Edit button to invoke payment modal")
public void verify_edit_button_to_invoke_payment_modal() {
    // Write code here that turns the phrase above into concrete actions
    throw new io.cucumber.java.PendingException();
}
@Then("User selects both Payment methods on Payment modal")
public void user_selects_both_payment_methods_on_payment_modal() {
    // Write code here that turns the phrase above into concrete actions
    throw new io.cucumber.java.PendingException();
}
@Then("User expands and collapse Convenience fees section")
public void user_expands_and_collapse_convenience_fees_section() {
    // Write code here that turns the phrase above into concrete actions
    throw new io.cucumber.java.PendingException();
}
@Then("Verify \\(Total Pay) button on Payment modal")
public void verify_total_pay_button_on_payment_modal() {
    // Write code here that turns the phrase above into concrete actions
    throw new io.cucumber.java.PendingException();
}
@Then("Verify \\(T&C) link redirects to mweb")
public void verify_t_c_link_redirects_to_mweb() {
    // Write code here that turns the phrase above into concrete actions
    throw new io.cucumber.java.PendingException();
}
@Then("User dismiss Payment method modal")
public void user_dismiss_payment_method_modal() {
    // Write code here that turns the phrase above into concrete actions
    throw new io.cucumber.java.PendingException();
}
@Then("Verify X button of \\(Payment details) page")
public void verify_x_button_of_payment_details_page() {
    // Write code here that turns the phrase above into concrete actions
    throw new io.cucumber.java.PendingException();
}
@Then("Verify both Exit and Non-Exit buttons on confirmation pop-ups at \\(Payment details) page")
public void verify_both_exit_and_non_exit_buttons_on_confirmation_pop_ups_at_payment_details_page() {
    // Write code here that turns the phrase above into concrete actions
    throw new io.cucumber.java.PendingException();
}


5# Verifying validations on Pay Again feature(Pay Rent Home Screen for existing user)  Time elapsed: 0.003 sec  <<< ERROR!
io.cucumber.junit.UndefinedStepException: 
The step "User is at Pay Rent Home Screen" is undefined. You can implement it using the snippet(s) below:

@Given("User is at Pay Rent Home Screen")
public void user_is_at_pay_rent_home_screen() {
    // Write code here that turns the phrase above into concrete actions
    throw new io.cucumber.java.PendingException();
}


Some other steps were also undefined:

@Then("User clicks on \\(Pay Again) button")
public void user_clicks_on_pay_again_button() {
    // Write code here that turns the phrase above into concrete actions
    throw new io.cucumber.java.PendingException();
}
@When("Rent amount field is empty")
public void rent_amount_field_is_empty() {
    // Write code here that turns the phrase above into concrete actions
    throw new io.cucumber.java.PendingException();
}
@Then("Verify validation on rent amount field")
public void verify_validation_on_rent_amount_field() {
    // Write code here that turns the phrase above into concrete actions
    throw new io.cucumber.java.PendingException();
}
@Then("Verify validation with invalid amounts")
public void verify_validation_with_invalid_amounts() {
    // Write code here that turns the phrase above into concrete actions
    throw new io.cucumber.java.PendingException();
}
@Then("Verify Rent amount and amount under \\(Payment Details) section should match")
public void verify_rent_amount_and_amount_under_payment_details_section_should_match() {
    // Write code here that turns the phrase above into concrete actions
    throw new io.cucumber.java.PendingException();
}
@Then("Verify Convenience fees should be zero for UPI and non-zero for Debit or Credit method")
public void verify_convenience_fees_should_be_zero_for_upi_and_non_zero_for_debit_or_credit_method() {
    // Write code here that turns the phrase above into concrete actions
    throw new io.cucumber.java.PendingException();
}


6# Verify FAQs section in detail(Pay Rent Home Screen for existing user)  Time elapsed: 0.002 sec  <<< ERROR!
io.cucumber.junit.UndefinedStepException: 
The step "User is at Pay Rent Home Screen" is undefined. You can implement it using the snippet(s) below:

@Given("User is at Pay Rent Home Screen")
public void user_is_at_pay_rent_home_screen() {
    // Write code here that turns the phrase above into concrete actions
    throw new io.cucumber.java.PendingException();
}


Some other steps were also undefined:

@Then("Verify FAQs section")
public void verify_fa_qs_section() {
    // Write code here that turns the phrase above into concrete actions
    throw new io.cucumber.java.PendingException();
}
@Then("User expands and collapse all the FAQs")
public void user_expands_and_collapse_all_the_fa_qs() {
    // Write code here that turns the phrase above into concrete actions
    throw new io.cucumber.java.PendingException();
}
@Then("Verify back button of FAQs screen")
public void verify_back_button_of_fa_qs_screen() {
    // Write code here that turns the phrase above into concrete actions
    throw new io.cucumber.java.PendingException();
}


7# Verify My Transaction screen(Pay Rent Home Screen for existing user)  Time elapsed: 0.008 sec  <<< ERROR!
io.cucumber.junit.UndefinedStepException: 
The step "User is at Pay Rent Home Screen with Test Account" is undefined. You can implement it using the snippet(s) below:

@Given("User is at Pay Rent Home Screen with Test Account")
public void user_is_at_pay_rent_home_screen_with_test_account() {
    // Write code here that turns the phrase above into concrete actions
    throw new io.cucumber.java.PendingException();
}


Some other steps were also undefined:

@When("User taps on \\(Go to my transactions) button")
public void user_taps_on_go_to_my_transactions_button() {
    // Write code here that turns the phrase above into concrete actions
    throw new io.cucumber.java.PendingException();
}
@Then("Verify User gets redirected to the \\(My Transactions) screen")
public void verify_user_gets_redirected_to_the_my_transactions_screen() {
    // Write code here that turns the phrase above into concrete actions
    throw new io.cucumber.java.PendingException();
}
@Then("Verify \\(Premium) button")
public void verify_premium_button() {
    // Write code here that turns the phrase above into concrete actions
    throw new io.cucumber.java.PendingException();
}
@Then("Verify \\(Pay Rent) button")
public void verify_pay_rent_button() {
    // Write code here that turns the phrase above into concrete actions
    throw new io.cucumber.java.PendingException();
}
@Then("Verify Date appearing at the top of card")
public void verify_date_appearing_at_the_top_of_card() {
    // Write code here that turns the phrase above into concrete actions
    throw new io.cucumber.java.PendingException();
}
@When("Transaction is succesfull")
public void transaction_is_succesfull() {
    // Write code here that turns the phrase above into concrete actions
    throw new io.cucumber.java.PendingException();
}
@Then("Verify label in green text")
public void verify_label_in_green_text() {
    // Write code here that turns the phrase above into concrete actions
    throw new io.cucumber.java.PendingException();
}
@Then("Verify \\(Details) button on successful card")
public void verify_details_button_on_successful_card() {
    // Write code here that turns the phrase above into concrete actions
    throw new io.cucumber.java.PendingException();
}
@Then("Verify \\(Share Receipt) button on details pop-up")
public void verify_share_receipt_button_on_details_pop_up() {
    // Write code here that turns the phrase above into concrete actions
    throw new io.cucumber.java.PendingException();
}
@Then("Verify \\(Download Receipt) button on details pop-up")
public void verify_download_receipt_button_on_details_pop_up() {
    // Write code here that turns the phrase above into concrete actions
    throw new io.cucumber.java.PendingException();
}
@When("User taps on \\(Money not received yet) link")
public void user_taps_on_money_not_received_yet_link() {
    // Write code here that turns the phrase above into concrete actions
    throw new io.cucumber.java.PendingException();
}
@Then("Bottom sheet should appear")
public void bottom_sheet_should_appear() {
    // Write code here that turns the phrase above into concrete actions
    throw new io.cucumber.java.PendingException();
}
@When("User taps on \\(Help & Support)")
public void user_taps_on_help_support() {
    // Write code here that turns the phrase above into concrete actions
    throw new io.cucumber.java.PendingException();
}
@Then("Help and Support screen should appear")
public void help_and_support_screen_should_appear() {
    // Write code here that turns the phrase above into concrete actions
    throw new io.cucumber.java.PendingException();
}
@Then("User should be able to navigate to previous screen")
public void user_should_be_able_to_navigate_to_previous_screen() {
    // Write code here that turns the phrase above into concrete actions
    throw new io.cucumber.java.PendingException();
}
@Then("User dismiss details pop-up")
public void user_dismiss_details_pop_up() {
    // Write code here that turns the phrase above into concrete actions
    throw new io.cucumber.java.PendingException();
}
@Then("Verify Share and Downlaod Receipt button on card")
public void verify_share_and_downlaod_receipt_button_on_card() {
    // Write code here that turns the phrase above into concrete actions
    throw new io.cucumber.java.PendingException();
}
@When("Transaction is failed")
public void transaction_is_failed() {
    // Write code here that turns the phrase above into concrete actions
    throw new io.cucumber.java.PendingException();
}
@Then("Verify label in red text")
public void verify_label_in_red_text() {
    // Write code here that turns the phrase above into concrete actions
    throw new io.cucumber.java.PendingException();
}
@Then("Verify \\(See Status) button")
public void verify_see_status_button() {
    // Write code here that turns the phrase above into concrete actions
    throw new io.cucumber.java.PendingException();
}
@Then("Verify \\(Details) button on failed card")
public void verify_details_button_on_failed_card() {
    // Write code here that turns the phrase above into concrete actions
    throw new io.cucumber.java.PendingException();
}
@Then("Verify \\(Retry Payment) CTA")
public void verify_retry_payment_cta() {
    // Write code here that turns the phrase above into concrete actions
    throw new io.cucumber.java.PendingException();
}
@Then("Verify the cards are scrollable")
public void verify_the_cards_are_scrollable() {
    // Write code here that turns the phrase above into concrete actions
    throw new io.cucumber.java.PendingException();
}


8# Verify KYC pop-up screen(Pay Rent Home Screen for existing user)  Time elapsed: 0.007 sec  <<< ERROR!
io.cucumber.junit.UndefinedStepException: 
The step "User is at Pay Rent Home Screen with KYC enabled Test Account" is undefined. You can implement it using the snippet(s) below:

@Given("User is at Pay Rent Home Screen with KYC enabled Test Account")
public void user_is_at_pay_rent_home_screen_with_kyc_enabled_test_account() {
    // Write code here that turns the phrase above into concrete actions
    throw new io.cucumber.java.PendingException();
}


Some other steps were also undefined:

@Then("Proceed to KYC pop-up screen")
public void proceed_to_kyc_pop_up_screen() {
    // Write code here that turns the phrase above into concrete actions
    throw new io.cucumber.java.PendingException();
}
@Then("Verify Horizontal scrollable items")
public void verify_horizontal_scrollable_items() {
    // Write code here that turns the phrase above into concrete actions
    throw new io.cucumber.java.PendingException();
}
@When("User taps on \\(PAN Card)")
public void user_taps_on_pan_card() {
    // Write code here that turns the phrase above into concrete actions
    throw new io.cucumber.java.PendingException();
}
@Then("User should be able to enter PAN Number")
public void user_should_be_able_to_enter_pan_number() {
    // Write code here that turns the phrase above into concrete actions
    throw new io.cucumber.java.PendingException();
}
@Then("User should be able to enter Name")
public void user_should_be_able_to_enter_name() {
    // Write code here that turns the phrase above into concrete actions
    throw new io.cucumber.java.PendingException();
}
@Then("Verify \\(Verify PAN Number) CTA is shown and is clickable")
public void verify_verify_pan_number_cta_is_shown_and_is_clickable() {
    // Write code here that turns the phrase above into concrete actions
    throw new io.cucumber.java.PendingException();
}
@Then("Verify \\(Change button)")
public void verify_change_button() {
    // Write code here that turns the phrase above into concrete actions
    throw new io.cucumber.java.PendingException();
}
@When("User taps on \\(Driving Licence)")
public void user_taps_on_driving_licence() {
    // Write code here that turns the phrase above into concrete actions
    throw new io.cucumber.java.PendingException();
}
@Then("User should be able to Enter Licence number")
public void user_should_be_able_to_enter_licence_number() {
    // Write code here that turns the phrase above into concrete actions
    throw new io.cucumber.java.PendingException();
}
@Then("User should be able to dismiss the picker pop-up")
public void user_should_be_able_to_dismiss_the_picker_pop_up() {
    // Write code here that turns the phrase above into concrete actions
    throw new io.cucumber.java.PendingException();
}
@Then("User should be able to select DOB from picker")
public void user_should_be_able_to_select_dob_from_picker() {
    // Write code here that turns the phrase above into concrete actions
    throw new io.cucumber.java.PendingException();
}
@Then("Verify \\(Verify Driving Licence) CTA is shown and is clickable")
public void verify_verify_driving_licence_cta_is_shown_and_is_clickable() {
    // Write code here that turns the phrase above into concrete actions
    throw new io.cucumber.java.PendingException();
}
@When("User taps on \\(Voter ID Card)")
public void user_taps_on_voter_id_card() {
    // Write code here that turns the phrase above into concrete actions
    throw new io.cucumber.java.PendingException();
}
@Then("User should be able to Enter Voter ID number")
public void user_should_be_able_to_enter_voter_id_number() {
    // Write code here that turns the phrase above into concrete actions
    throw new io.cucumber.java.PendingException();
}
@Then("Verify \\(Verify Voter ID Card) CTA is shown and is clickable")
public void verify_verify_voter_id_card_cta_is_shown_and_is_clickable() {
    // Write code here that turns the phrase above into concrete actions
    throw new io.cucumber.java.PendingException();
}


9# Verify validations on KYC pop-up screen with blank data(Pay Rent Home Screen for existing user)  Time elapsed: 0.011 sec  <<< ERROR!
io.cucumber.junit.UndefinedStepException: 
The step "User is at Pay Rent Home Screen with KYC enabled Test Account" is undefined. You can implement it using the snippet(s) below:

@Given("User is at Pay Rent Home Screen with KYC enabled Test Account")
public void user_is_at_pay_rent_home_screen_with_kyc_enabled_test_account() {
    // Write code here that turns the phrase above into concrete actions
    throw new io.cucumber.java.PendingException();
}


Some other steps were also undefined:

@Then("Proceed to KYC pop-up screen")
public void proceed_to_kyc_pop_up_screen() {
    // Write code here that turns the phrase above into concrete actions
    throw new io.cucumber.java.PendingException();
}
@When("User taps on Verify PAN number CTA without entering any data")
public void user_taps_on_verify_pan_number_cta_without_entering_any_data() {
    // Write code here that turns the phrase above into concrete actions
    throw new io.cucumber.java.PendingException();
}
@Then("Verify validation on Enter PAN number field")
public void verify_validation_on_enter_pan_number_field() {
    // Write code here that turns the phrase above into concrete actions
    throw new io.cucumber.java.PendingException();
}
@Then("Verify validation on Name on PAN Card field")
public void verify_validation_on_name_on_pan_card_field() {
    // Write code here that turns the phrase above into concrete actions
    throw new io.cucumber.java.PendingException();
}
@When("User taps on Verify Driving Licence CTA without entering any data")
public void user_taps_on_verify_driving_licence_cta_without_entering_any_data() {
    // Write code here that turns the phrase above into concrete actions
    throw new io.cucumber.java.PendingException();
}
@Then("Verify validation on Enter Licence number field")
public void verify_validation_on_enter_licence_number_field() {
    // Write code here that turns the phrase above into concrete actions
    throw new io.cucumber.java.PendingException();
}
@Then("Verify validation on DOB field")
public void verify_validation_on_dob_field() {
    // Write code here that turns the phrase above into concrete actions
    throw new io.cucumber.java.PendingException();
}
@When("User taps on Verify Voter ID Card CTA without entering any data")
public void user_taps_on_verify_voter_id_card_cta_without_entering_any_data() {
    // Write code here that turns the phrase above into concrete actions
    throw new io.cucumber.java.PendingException();
}
@Then("Verify validation on Enter Voter ID number field")
public void verify_validation_on_enter_voter_id_number_field() {
    // Write code here that turns the phrase above into concrete actions
    throw new io.cucumber.java.PendingException();
}


1 #Pay Rent end to end flow (Using Landlord's UPI ID)(Pay Rent flow for new user)  Time elapsed: 0.024 sec  <<< ERROR!
io.cucumber.junit.UndefinedStepException: 
The step "User is at Pay Rent Landing Screen" is undefined. You can implement it using the snippet(s) below:

@Given("User is at Pay Rent Landing Screen")
public void user_is_at_pay_rent_landing_screen() {
    // Write code here that turns the phrase above into concrete actions
    throw new io.cucumber.java.PendingException();
}


Some other steps were also undefined:

@Then("User enters rent amount")
public void user_enters_rent_amount(io.cucumber.datatable.DataTable dataTable) {
    // Write code here that turns the phrase above into concrete actions
    // For automatic transformation, change DataTable to one of
    // E, List<E>, List<List<E>>, List<Map<K,V>>, Map<K,V> or
    // Map<K, List<V>>. E,K,V must be a String, Integer, Float,
    // Double, Byte, Short, Long, BigInteger or BigDecimal.
    //
    // For other transformations you can register a DataTableType.
    throw new io.cucumber.java.PendingException();
}
@Then("User taps on House Rent Option")
public void user_taps_on_house_rent_option() {
    // Write code here that turns the phrase above into concrete actions
    throw new io.cucumber.java.PendingException();
}
@Then("User Taps on *Next,your details* button")
public void user_taps_on_next_your_details_button() {
    // Write code here that turns the phrase above into concrete actions
    throw new io.cucumber.java.PendingException();
}
@Then("User enters valid Landlord UPI ID")
public void user_enters_valid_landlord_upi_id(io.cucumber.datatable.DataTable dataTable) {
    // Write code here that turns the phrase above into concrete actions
    // For automatic transformation, change DataTable to one of
[...]
@Then("User selects all the available Payment methods")
public void user_selects_all_the_available_payment_methods() {
    // Write code here that turns the phrase above into concrete actions
    throw new io.cucumber.java.PendingException();
}
@Then("User clicks on referral code button")
public void user_clicks_on_referral_code_button() {
    // Write code here that turns the phrase above into concrete actions
    throw new io.cucumber.java.PendingException();
}
@Then("Verify \\(Apply) button and validation at referral section")
public void verify_apply_button_and_validation_at_referral_section() {
    // Write code here that turns the phrase above into concrete actions
    throw new io.cucumber.java.PendingException();
}
@Then("User expands and collapse Convenience fees section")
public void user_expands_and_collapse_convenience_fees_section() {
    // Write code here that turns the phrase above into concrete actions
    throw new io.cucumber.java.PendingException();
}
@Then("Verify \\(T&C) link redirects to mweb")
public void verify_t_c_link_redirects_to_mweb() {
    // Write code here that turns the phrase above into concrete actions
    throw new io.cucumber.java.PendingException();
}
@Then("User dismiss Payment method pop-up")
public void user_dismiss_payment_method_pop_up() {
    // Write code here that turns the phrase above into concrete actions
    throw new io.cucumber.java.PendingException();
}
@Then("User collapse the step three page")
public void user_collapse_the_step_three_page() {
    // Write code here that turns the phrase above into concrete actions
    throw new io.cucumber.java.PendingException();
}
@Then("Verify the Edit buttons on Second and Third steps")
public void verify_the_edit_buttons_on_second_and_third_steps() {
    // Write code here that turns the phrase above into concrete actions
    throw new io.cucumber.java.PendingException();
}
@Then("User verify Cancel and Save Detail buttons")
public void user_verify_cancel_and_save_detail_buttons() {
    // Write code here that turns the phrase above into concrete actions
    throw new io.cucumber.java.PendingException();
}
@Then("Verify \\(X) button on all the fields on step three")
public void verify_x_button_on_all_the_fields_on_step_three() {
    // Write code here that turns the phrase above into concrete actions
    throw new io.cucumber.java.PendingException();
}
@Then("User taps on back button of third step")
public void user_taps_on_back_button_of_third_step() {
    // Write code here that turns the phrase above into concrete actions
    throw new io.cucumber.java.PendingException();
}
@Then("Verify \\(X) button on all the fields of step two")
public void verify_x_button_on_all_the_fields_of_step_two() {
    // Write code here that turns the phrase above into concrete actions
    throw new io.cucumber.java.PendingException();
}
@Then("User taps on back button of second step")
public void user_taps_on_back_button_of_second_step() {
    // Write code here that turns the phrase above into concrete actions
    throw new io.cucumber.java.PendingException();
}
@Then("User taps on \\(X) button of landing screen")
public void user_taps_on_x_button_of_landing_screen() {
    // Write code here that turns the phrase above into concrete actions
    throw new io.cucumber.java.PendingException();
}
@Then("Verify both Exit and Non-Exit buttons on confirmation pop-ups")
public void verify_both_exit_and_non_exit_buttons_on_confirmation_pop_ups() {
    // Write code here that turns the phrase above into concrete actions
    throw new io.cucumber.java.PendingException();
}


4 #Verifying all the validations on Step 1(Pay Rent flow for new user)  Time elapsed: 0.001 sec  <<< ERROR!
io.cucumber.junit.UndefinedStepException: 
The step "User is at Pay Rent Landing Page from Onboarding screen" is undefined. You can implement it using the snippet(s) below:

@Given("User is at Pay Rent Landing Page from Onboarding screen")
public void user_is_at_pay_rent_landing_page_from_onboarding_screen() {
    // Write code here that turns the phrase above into concrete actions
    throw new io.cucumber.java.PendingException();
}


Some other steps were also undefined:

@Then("Verify validation on amount field")
public void verify_validation_on_amount_field() {
    // Write code here that turns the phrase above into concrete actions
    throw new io.cucumber.java.PendingException();
}
@Then("Verify validation on not selecting Rent Category")
public void verify_validation_on_not_selecting_rent_category() {
    // Write code here that turns the phrase above into concrete actions
    throw new io.cucumber.java.PendingException();
}


5 #Verifying all the validations on Step 2(Pay Rent flow for new user)  Time elapsed: 0.002 sec  <<< ERROR!
io.cucumber.junit.UndefinedStepException: 
The step "User is at step two screen" is undefined. You can implement it using the snippet(s) below:

@Given("User is at step two screen")
public void user_is_at_step_two_screen() {
    // Write code here that turns the phrase above into concrete actions
    throw new io.cucumber.java.PendingException();
}


Some other steps were also undefined:

@Then("Verify validations on all the fields of step two")
public void verify_validations_on_all_the_fields_of_step_two() {
    // Write code here that turns the phrase above into concrete actions
    throw new io.cucumber.java.PendingException();
}


6 #Verifying all the validations on Step 3(Pay Rent flow for new user)  Time elapsed: 0.002 sec  <<< ERROR!
io.cucumber.junit.UndefinedStepException: 
The step "User is at step three screen" is undefined. You can implement it using the snippet(s) below:

@Given("User is at step three screen")
public void user_is_at_step_three_screen() {
    // Write code here that turns the phrase above into concrete actions
    throw new io.cucumber.java.PendingException();
}


Some other steps were also undefined:

@Then("Verify validations on all the fields of step three")
public void verify_validations_on_all_the_fields_of_step_three() {
    // Write code here that turns the phrase above into concrete actions
    throw new io.cucumber.java.PendingException();
}


7 #Verifying login flow from Onboarding screen(Pay Rent flow for new user)  Time elapsed: 0.001 sec  <<< ERROR!
io.cucumber.junit.UndefinedStepException: 
The step "User is at Pay Rent Landing Page from Onboarding screen" is undefined. You can implement it using the snippet(s) below:

@Given("User is at Pay Rent Landing Page from Onboarding screen")
public void user_is_at_pay_rent_landing_page_from_onboarding_screen() {
    // Write code here that turns the phrase above into concrete actions
    throw new io.cucumber.java.PendingException();
}


Some other steps were also undefined:

@When("User taps on Next CTA")
public void user_taps_on_next_cta() {
    // Write code here that turns the phrase above into concrete actions
    throw new io.cucumber.java.PendingException();
}
@Then("Verify login flow via OTP screen")
public void verify_login_flow_via_otp_screen() {
    // Write code here that turns the phrase above into concrete actions
    throw new io.cucumber.java.PendingException();
}


8 #Verifying visibility of UPI domains(Pay Rent flow for new user)  Time elapsed: 0.003 sec  <<< ERROR!
io.cucumber.junit.UndefinedStepException: 
The step "User is at step two screen" is undefined. You can implement it using the snippet(s) below:

@Given("User is at step two screen")
public void user_is_at_step_two_screen() {
    // Write code here that turns the phrase above into concrete actions
    throw new io.cucumber.java.PendingException();
}


Some other steps were also undefined:

@When("User enters alphabets characters")
public void user_enters_alphabets_characters() {
    // Write code here that turns the phrase above into concrete actions
    throw new io.cucumber.java.PendingException();
}
@Then("Verify visibility of UPI domains")
public void verify_visibility_of_upi_domains() {
    // Write code here that turns the phrase above into concrete actions
    throw new io.cucumber.java.PendingException();
}
@Then("Verify UPI domains appears on text field on tapping them")
public void verify_upi_domains_appears_on_text_field_on_tapping_them() {
    // Write code here that turns the phrase above into concrete actions
    throw new io.cucumber.java.PendingException();
}


9 #Verifying visibility of NEW badge on Pay Rent bottom bar(Pay Rent flow for new user)  Time elapsed: 0.001 sec  <<< ERROR!
io.cucumber.junit.UndefinedStepException: 
The step "User is at Profile Screen from Onboarding" is undefined. You can implement it using the snippet(s) below:

@Given("User is at Profile Screen from Onboarding")
public void user_is_at_profile_screen_from_onboarding() {
    // Write code here that turns the phrase above into concrete actions
    throw new io.cucumber.java.PendingException();
}


Some other steps were also undefined:

@Then("Verify NEW badge on Pay Rent bottom bar")
public void verify_new_badge_on_pay_rent_bottom_bar() {
    // Write code here that turns the phrase above into concrete actions
    throw new io.cucumber.java.PendingException();
}
@When("User navigates back and forth from Pay Rent LP three times")
public void user_navigates_back_and_forth_from_pay_rent_lp_three_times() {
    // Write code here that turns the phrase above into concrete actions
    throw new io.cucumber.java.PendingException();
}
@Then("Verify NEW badge on Pay Rent bottom bar should disappear")
public void verify_new_badge_on_pay_rent_bottom_bar_should_disappear() {
    // Write code here that turns the phrase above into concrete actions
    throw new io.cucumber.java.PendingException();
}


1# Verifying Refer & Earn screen(Refer and Earn section of PayRent module)  Time elapsed: 0.007 sec  <<< ERROR!
io.cucumber.junit.UndefinedStepException: 
The step "User is at Refer & Earn screen" is undefined. You can implement it using the snippet(s) below:

@Given("User is at Refer & Earn screen")
public void user_is_at_refer_earn_screen() {
    // Write code here that turns the phrase above into concrete actions
    throw new io.cucumber.java.PendingException();
}


Some other steps were also undefined:

@When("User taps on code")
public void user_taps_on_code() {
    // Write code here that turns the phrase above into concrete actions
    throw new io.cucumber.java.PendingException();
}
@Then("Verify code gets copied")
public void verify_code_gets_copied() {
    // Write code here that turns the phrase above into concrete actions
    throw new io.cucumber.java.PendingException();
}
@When("User clicks \\(Share via Whatsapp) CTA")
public void user_clicks_share_via_whatsapp_cta() {
    // Write code here that turns the phrase above into concrete actions
    throw new io.cucumber.java.PendingException();
}
@Then("Verify user is redirected to Whatsapp")
public void verify_user_is_redirected_to_whatsapp() {
    // Write code here that turns the phrase above into concrete actions
    throw new io.cucumber.java.PendingException();
}
@When("User taps on \\(More) CTA")
public void user_taps_on_more_cta() {
    // Write code here that turns the phrase above into concrete actions
    throw new io.cucumber.java.PendingException();
}
@Then("Verify the pop-up for sharing options")
public void verify_the_pop_up_for_sharing_options() {
    // Write code here that turns the phrase above into concrete actions
    throw new io.cucumber.java.PendingException();
}
@When("User scrolls the screen to bottom")
public void user_scrolls_the_screen_to_bottom() {
    // Write code here that turns the phrase above into concrete actions
    throw new io.cucumber.java.PendingException();
}
@Then("Verify Coin releated FAQs appears")
public void verify_coin_releated_fa_qs_appears() {
    // Write code here that turns the phrase above into concrete actions
    throw new io.cucumber.java.PendingException();
}
@Then("Verify all FAQs expand-collapse button")
public void verify_all_fa_qs_expand_collapse_button() {
    // Write code here that turns the phrase above into concrete actions
    throw new io.cucumber.java.PendingException();
}
@Then("Verify \\(X) button is closing the screen")
public void verify_x_button_is_closing_the_screen() {
    // Write code here that turns the phrase above into concrete actions
    throw new io.cucumber.java.PendingException();
}


2# Verifying Refer & Earn Passbook screen for user with 0 Coin(Refer and Earn section of PayRent module)  Time elapsed: 0.002 sec  <<< ERROR!
io.cucumber.junit.UndefinedStepException: 
The step "User is at Refer & Earn Passbook screen" is undefined. You can implement it using the snippet(s) below:

@Given("User is at Refer & Earn Passbook screen")
public void user_is_at_refer_earn_passbook_screen() {
    // Write code here that turns the phrase above into concrete actions
    throw new io.cucumber.java.PendingException();
}


Some other steps were also undefined:

@When("User taps on \\(Earns coins now) button")
public void user_taps_on_earns_coins_now_button() {
    // Write code here that turns the phrase above into concrete actions
    throw new io.cucumber.java.PendingException();
}
@Then("Verify user gets redirected to Whatsapp")
public void verify_user_gets_redirected_to_whatsapp() {
    // Write code here that turns the phrase above into concrete actions
    throw new io.cucumber.java.PendingException();
}
@When("User taps on \\(Refer Now)")
public void user_taps_on_refer_now() {
    // Write code here that turns the phrase above into concrete actions
    throw new io.cucumber.java.PendingException();
}
@Then("Verify Coin Balance which should be zero")
public void verify_coin_balance_which_should_be_zero() {
    // Write code here that turns the phrase above into concrete actions
    throw new io.cucumber.java.PendingException();
}
@Then("Verify back button of Refer & Earn Passbook screen")
public void verify_back_button_of_refer_earn_passbook_screen() {
    // Write code here that turns the phrase above into concrete actions
    throw new io.cucumber.java.PendingException();
}


3# Verifying Refer & Earn Passbook screen for user with some Coin(s)(Refer and Earn section of PayRent module)  Time elapsed: 0.004 sec  <<< ERROR!
io.cucumber.junit.UndefinedStepException: 
The step "User is at Refer & Earn Passbook screen with some Coins" is undefined. You can implement it using the snippet(s) below:

@Given("User is at Refer & Earn Passbook screen with some Coins")
public void user_is_at_refer_earn_passbook_screen_with_some_coins() {
    // Write code here that turns the phrase above into concrete actions
    throw new io.cucumber.java.PendingException();
}


Some other steps were also undefined:

@When("User taps on \\(Earns coins now) button")
public void user_taps_on_earns_coins_now_button() {
    // Write code here that turns the phrase above into concrete actions
    throw new io.cucumber.java.PendingException();
}
@Then("Verify user gets redirected to Whatsapp")
public void verify_user_gets_redirected_to_whatsapp() {
    // Write code here that turns the phrase above into concrete actions
    throw new io.cucumber.java.PendingException();
}
@Then("Verify Coin Balance which should not be zero")
public void verify_coin_balance_which_should_not_be_zero() {
    // Write code here that turns the phrase above into concrete actions
    throw new io.cucumber.java.PendingException();
}
@Then("Verify back button of Refer & Earn Passbook screen")
public void verify_back_button_of_refer_earn_passbook_screen() {
    // Write code here that turns the phrase above into concrete actions
    throw new io.cucumber.java.PendingException();
}


4# Verifying My Rewards screen(Refer and Earn section of PayRent module)  Time elapsed: 0.002 sec  <<< ERROR!
io.cucumber.junit.UndefinedStepException: 
The step "User is at Pay Rent Home Screen" is undefined. You can implement it using the snippet(s) below:

@Given("User is at Pay Rent Home Screen")
public void user_is_at_pay_rent_home_screen() {
    // Write code here that turns the phrase above into concrete actions
    throw new io.cucumber.java.PendingException();
}


Some other steps were also undefined:

@When("User clicks on \\(How to redeem) link")
public void user_clicks_on_how_to_redeem_link() {
    // Write code here that turns the phrase above into concrete actions
    throw new io.cucumber.java.PendingException();
}
@Then("Verify toast message")
public void verify_toast_message() {
    // Write code here that turns the phrase above into concrete actions
    throw new io.cucumber.java.PendingException();
}
@Then("Verify Coupon Description pop-up")
public void verify_coupon_description_pop_up() {
    // Write code here that turns the phrase above into concrete actions
    throw new io.cucumber.java.PendingException();
}
@Then("Verify User can dismiss the pop-up")
public void verify_user_can_dismiss_the_pop_up() {
    // Write code here that turns the phrase above into concrete actions
    throw new io.cucumber.java.PendingException();
}
@When("User taps on \\(See all my rewards) link")
public void user_taps_on_see_all_my_rewards_link() {
    // Write code here that turns the phrase above into concrete actions
    throw new io.cucumber.java.PendingException();
}
@Then("Verify user is redirected to \\(My Rewards) screen")
public void verify_user_is_redirected_to_my_rewards_screen() {
    // Write code here that turns the phrase above into concrete actions
    throw new io.cucumber.java.PendingException();
}
@Then("Verify \\(My Rewards) screen is scrollable")
public void verify_my_rewards_screen_is_scrollable() {
    // Write code here that turns the phrase above into concrete actions
    throw new io.cucumber.java.PendingException();
}
@Then("Verify back button of \\(My Rewards) screen")
public void verify_back_button_of_my_rewards_screen() {
    // Write code here that turns the phrase above into concrete actions
    throw new io.cucumber.java.PendingException();
}


5# Verifying Coin usage during checkout(Refer and Earn section of PayRent module)  Time elapsed: 0.002 sec  <<< ERROR!
io.cucumber.junit.UndefinedStepException: 
The step "User is at Pay Rent Home Screen" is undefined. You can implement it using the snippet(s) below:

@Given("User is at Pay Rent Home Screen")
public void user_is_at_pay_rent_home_screen() {
    // Write code here that turns the phrase above into concrete actions
    throw new io.cucumber.java.PendingException();
}


Some other steps were also undefined:

@Given("User clicks on \\(Pay Again) button")
public void user_clicks_on_pay_again_button() {
    // Write code here that turns the phrase above into concrete actions
    throw new io.cucumber.java.PendingException();
}
@When("User selects checkbox to use coin for Card Payment")
public void user_selects_checkbox_to_use_coin_for_card_payment() {
    // Write code here that turns the phrase above into concrete actions
    throw new io.cucumber.java.PendingException();
}
@Then("Verify Coins count should be decreased by one")
public void verify_coins_count_should_be_decreased_by_one() {
    // Write code here that turns the phrase above into concrete actions
    throw new io.cucumber.java.PendingException();
}
@Then("Verify total amount should be decreased")
public void verify_total_amount_should_be_decreased() {
    // Write code here that turns the phrase above into concrete actions
    throw new io.cucumber.java.PendingException();
}
@Then("Verify \\(Congrats!) message on selecting checkbox")
public void verify_congrats_message_on_selecting_checkbox() {
    // Write code here that turns the phrase above into concrete actions
    throw new io.cucumber.java.PendingException();
}
@Then("Verify \\(Housing Coin Discount) text view under Payment Details")
public void verify_housing_coin_discount_text_view_under_payment_details() {
    // Write code here that turns the phrase above into concrete actions
    throw new io.cucumber.java.PendingException();
}


